<?xml version="1.0" encoding="UTF-8"?>
<testsuite xmlns:xsi="http://www.w3.org/2001/XMLSchema-instance" xsi:noNamespaceSchemaLocation="https://maven.apache.org/surefire/maven-surefire-plugin/xsd/surefire-test-report.xsd" name="edu.uclm.esi.iso2.banco20193capas.TestCuenta" time="41.272" tests="8" errors="8" skipped="0" failures="0">
  <properties>
[...]
</properties>
  <testcase name="testTransferenciaOK" classname="edu.uclm.esi.iso2.banco20193capas.TestCuenta" time="0.048">
    <error message="Failed to load ApplicationContext" type="java.lang.IllegalStateException">java.lang.IllegalStateException: Failed to load ApplicationContext
Caused by: org.springframework.beans.factory.UnsatisfiedDependencyException: Error creating bean with name 'profileController' defined in URL [jar:file:/Users/antoniocastrocorona/.m2/repository/org/springframework/data/spring-data-rest-webmvc/3.0.10.RELEASE/spring-data-rest-webmvc-3.0.10.RELEASE.jar!/org/springframework/data/rest/webmvc/ProfileController.class]: Unsatisfied dependency expressed through constructor parameter 0; nested exception is org.springframework.beans.factory.BeanCreationException: Error creating bean with name 'repositoryRestConfiguration' defined in class path resource [org/springframework/data/rest/webmvc/config/RepositoryRestMvcConfiguration.class]: Bean instantiation via factory method failed; nested exception is org.springframework.beans.BeanInstantiationException: Failed to instantiate [org.springframework.data.rest.core.config.RepositoryRestConfiguration]: Factory method 'repositoryRestConfiguration' threw exception; nested exception is org.springframework.beans.factory.BeanCreationException: Error creating bean with name 'repositories' defined in class path resource [org/springframework/data/rest/webmvc/config/RepositoryRestMvcConfiguration.class]: Bean instantiation via factory method failed; nested exception is org.springframework.beans.BeanInstantiationException: Failed to instantiate [org.springframework.data.repository.support.Repositories]: Factory method 'repositories' threw exception; nested exception is org.springframework.beans.factory.BeanCreationException: Error creating bean with name 'movimientoCuentaDAO': Invocation of init method failed; nested exception is java.lang.IllegalArgumentException: Failed to create query for method public abstract java.util.List edu.uclm.esi.iso2.banco20193capas.dao.MovimientoCuentaDAO.findByCuentaId(java.lang.Long)! Unable to locate Attribute  with the the given name [id] on this ManagedType [edu.uclm.esi.iso2.banco20193capas.model.Cuenta]
Caused by: org.springframework.beans.factory.BeanCreationException: Error creating bean with name 'repositoryRestConfiguration' defined in class path resource [org/springframework/data/rest/webmvc/config/RepositoryRestMvcConfiguration.class]: Bean instantiation via factory method failed; nested exception is org.springframework.beans.BeanInstantiationException: Failed to instantiate [org.springframework.data.rest.core.config.RepositoryRestConfiguration]: Factory method 'repositoryRestConfiguration' threw exception; nested exception is org.springframework.beans.factory.BeanCreationException: Error creating bean with name 'repositories' defined in class path resource [org/springframework/data/rest/webmvc/config/RepositoryRestMvcConfiguration.class]: Bean instantiation via factory method failed; nested exception is org.springframework.beans.BeanInstantiationException: Failed to instantiate [org.springframework.data.repository.support.Repositories]: Factory method 'repositories' threw exception; nested exception is org.springframework.beans.factory.BeanCreationException: Error creating bean with name 'movimientoCuentaDAO': Invocation of init method failed; nested exception is java.lang.IllegalArgumentException: Failed to create query for method public abstract java.util.List edu.uclm.esi.iso2.banco20193capas.dao.MovimientoCuentaDAO.findByCuentaId(java.lang.Long)! Unable to locate Attribute  with the the given name [id] on this ManagedType [edu.uclm.esi.iso2.banco20193capas.model.Cuenta]
Caused by: org.springframework.beans.BeanInstantiationException: Failed to instantiate [org.springframework.data.rest.core.config.RepositoryRestConfiguration]: Factory method 'repositoryRestConfiguration' threw exception; nested exception is org.springframework.beans.factory.BeanCreationException: Error creating bean with name 'repositories' defined in class path resource [org/springframework/data/rest/webmvc/config/RepositoryRestMvcConfiguration.class]: Bean instantiation via factory method failed; nested exception is org.springframework.beans.BeanInstantiationException: Failed to instantiate [org.springframework.data.repository.support.Repositories]: Factory method 'repositories' threw exception; nested exception is org.springframework.beans.factory.BeanCreationException: Error creating bean with name 'movimientoCuentaDAO': Invocation of init method failed; nested exception is java.lang.IllegalArgumentException: Failed to create query for method public abstract java.util.List edu.uclm.esi.iso2.banco20193capas.dao.MovimientoCuentaDAO.findByCuentaId(java.lang.Long)! Unable to locate Attribute  with the the given name [id] on this ManagedType [edu.uclm.esi.iso2.banco20193capas.model.Cuenta]
Caused by: org.springframework.beans.factory.BeanCreationException: Error creating bean with name 'repositories' defined in class path resource [org/springframework/data/rest/webmvc/config/RepositoryRestMvcConfiguration.class]: Bean instantiation via factory method failed; nested exception is org.springframework.beans.BeanInstantiationException: Failed to instantiate [org.springframework.data.repository.support.Repositories]: Factory method 'repositories' threw exception; nested exception is org.springframework.beans.factory.BeanCreationException: Error creating bean with name 'movimientoCuentaDAO': Invocation of init method failed; nested exception is java.lang.IllegalArgumentException: Failed to create query for method public abstract java.util.List edu.uclm.esi.iso2.banco20193capas.dao.MovimientoCuentaDAO.findByCuentaId(java.lang.Long)! Unable to locate Attribute  with the the given name [id] on this ManagedType [edu.uclm.esi.iso2.banco20193capas.model.Cuenta]
Caused by: org.springframework.beans.BeanInstantiationException: Failed to instantiate [org.springframework.data.repository.support.Repositories]: Factory method 'repositories' threw exception; nested exception is org.springframework.beans.factory.BeanCreationException: Error creating bean with name 'movimientoCuentaDAO': Invocation of init method failed; nested exception is java.lang.IllegalArgumentException: Failed to create query for method public abstract java.util.List edu.uclm.esi.iso2.banco20193capas.dao.MovimientoCuentaDAO.findByCuentaId(java.lang.Long)! Unable to locate Attribute  with the the given name [id] on this ManagedType [edu.uclm.esi.iso2.banco20193capas.model.Cuenta]
Caused by: org.springframework.beans.factory.BeanCreationException: Error creating bean with name 'movimientoCuentaDAO': Invocation of init method failed; nested exception is java.lang.IllegalArgumentException: Failed to create query for method public abstract java.util.List edu.uclm.esi.iso2.banco20193capas.dao.MovimientoCuentaDAO.findByCuentaId(java.lang.Long)! Unable to locate Attribute  with the the given name [id] on this ManagedType [edu.uclm.esi.iso2.banco20193capas.model.Cuenta]
Caused by: java.lang.IllegalArgumentException: Failed to create query for method public abstract java.util.List edu.uclm.esi.iso2.banco20193capas.dao.MovimientoCuentaDAO.findByCuentaId(java.lang.Long)! Unable to locate Attribute  with the the given name [id] on this ManagedType [edu.uclm.esi.iso2.banco20193capas.model.Cuenta]
Caused by: java.lang.IllegalArgumentException: Unable to locate Attribute  with the the given name [id] on this ManagedType [edu.uclm.esi.iso2.banco20193capas.model.Cuenta]
</error>
    <system-out><![CDATA[20:27:52.896 [main] DEBUG org.springframework.test.context.junit4.SpringJUnit4ClassRunner - SpringJUnit4ClassRunner constructor called with [class edu.uclm.esi.iso2.banco20193capas.TestCuenta]
20:27:52.962 [main] DEBUG org.springframework.test.context.BootstrapUtils - Instantiating CacheAwareContextLoaderDelegate from class [org.springframework.test.context.cache.DefaultCacheAwareContextLoaderDelegate]
20:27:53.101 [main] DEBUG org.springframework.test.context.BootstrapUtils - Instantiating BootstrapContext using constructor [public org.springframework.test.context.support.DefaultBootstrapContext(java.lang.Class,org.springframework.test.context.CacheAwareContextLoaderDelegate)]
20:27:53.314 [main] DEBUG org.springframework.test.context.BootstrapUtils - Instantiating TestContextBootstrapper for test class [edu.uclm.esi.iso2.banco20193capas.TestCuenta] from class [org.springframework.boot.test.context.SpringBootTestContextBootstrapper]
20:27:53.434 [main] INFO org.springframework.boot.test.context.SpringBootTestContextBootstrapper - Neither @ContextConfiguration nor @ContextHierarchy found for test class [edu.uclm.esi.iso2.banco20193capas.TestCuenta], using SpringBootContextLoader
20:27:53.446 [main] DEBUG org.springframework.test.context.support.AbstractContextLoader - Did not detect default resource location for test class [edu.uclm.esi.iso2.banco20193capas.TestCuenta]: class path resource [edu/uclm/esi/iso2/banco20193capas/TestCuenta-context.xml] does not exist
20:27:53.448 [main] DEBUG org.springframework.test.context.support.AbstractContextLoader - Did not detect default resource location for test class [edu.uclm.esi.iso2.banco20193capas.TestCuenta]: class path resource [edu/uclm/esi/iso2/banco20193capas/TestCuentaContext.groovy] does not exist
20:27:53.448 [main] INFO org.springframework.test.context.support.AbstractContextLoader - Could not detect default resource locations for test class [edu.uclm.esi.iso2.banco20193capas.TestCuenta]: no resource found for suffixes {-context.xml, Context.groovy}.
20:27:53.451 [main] INFO org.springframework.test.context.support.AnnotationConfigContextLoaderUtils - Could not detect default configuration classes for test class [edu.uclm.esi.iso2.banco20193capas.TestCuenta]: TestCuenta does not declare any static, non-private, non-final, nested classes annotated with @Configuration.
20:27:53.976 [main] DEBUG org.springframework.test.context.support.ActiveProfilesUtils - Could not find an 'annotation declaring class' for annotation type [org.springframework.test.context.ActiveProfiles] and class [edu.uclm.esi.iso2.banco20193capas.TestCuenta]
20:27:54.000 [main] DEBUG org.springframework.core.env.StandardEnvironment - Adding PropertySource 'systemProperties' with lowest search precedence
20:27:54.001 [main] DEBUG org.springframework.core.env.StandardEnvironment - Adding PropertySource 'systemEnvironment' with lowest search precedence
20:27:54.003 [main] DEBUG org.springframework.core.env.StandardEnvironment - Initialized StandardEnvironment with PropertySources [MapPropertySource@65305091 {name='systemProperties', properties={java.runtime.name=Java(TM) SE Runtime Environment, sun.boot.library.path=/Library/Java/JavaVirtualMachines/jdk1.8.0_191.jdk/Contents/Home/jre/lib, java.vm.version=25.191-b12, gopherProxySet=false, java.vm.vendor=Oracle Corporation, java.vendor.url=http://java.oracle.com/, path.separator=:, java.vm.name=Java HotSpot(TM) 64-Bit Server VM, file.encoding.pkg=sun.io, user.country=ES, sun.java.launcher=SUN_STANDARD, sun.os.patch.level=unknown, java.vm.specification.name=Java Virtual Machine Specification, user.dir=/Users/antoniocastrocorona/Downloads/banco20193capasFF, java.runtime.version=1.8.0_191-b12, basedir=/Users/antoniocastrocorona/Downloads/banco20193capasFF, java.awt.graphicsenv=sun.awt.CGraphicsEnvironment, java.endorsed.dirs=/Library/Java/JavaVirtualMachines/jdk1.8.0_191.jdk/Contents/Home/jre/lib/endorsed, os.arch=x86_64, surefire.real.class.path=/Users/antoniocastrocorona/Downloads/banco20193capasFF/target/surefire/surefirebooter6335559416999510094.jar:/Users/antoniocastrocorona/.m2/repository/org/jacoco/org.jacoco.agent/0.7.9/org.jacoco.agent-0.7.9-runtime.jar, java.io.tmpdir=/var/folders/6m/f157797s4rzfn4lh7066sw9w0000gn/T/, line.separator=
, java.vm.specification.vendor=Oracle Corporation, os.name=Mac OS X, sun.jnu.encoding=UTF-8, java.library.path=/Users/antoniocastrocorona/Library/Java/Extensions:/Library/Java/Extensions:/Network/Library/Java/Extensions:/System/Library/Java/Extensions:/usr/lib/java:., surefire.test.class.path=/Users/antoniocastrocorona/Downloads/banco20193capasFF/target/test-classes:/Users/antoniocastrocorona/Downloads/banco20193capasFF/target/classes:/Users/antoniocastrocorona/.m2/repository/org/springframework/boot/spring-boot-starter-web/2.0.5.RELEASE/spring-boot-starter-web-2.0.5.RELEASE.jar:/Users/antoniocastrocorona/.m2/repository/org/springframework/boot/spring-boot-starter/2.0.5.RELEASE/spring-boot-starter-2.0.5.RELEASE.jar:/Users/antoniocastrocorona/.m2/repository/org/springframework/boot/spring-boot-starter-logging/2.0.5.RELEASE/spring-boot-starter-logging-2.0.5.RELEASE.jar:/Users/antoniocastrocorona/.m2/repository/ch/qos/logback/logback-classic/1.2.3/logback-classic-1.2.3.jar:/Users/antoniocastrocorona/.m2/repository/ch/qos/logback/logback-core/1.2.3/logback-core-1.2.3.jar:/Users/antoniocastrocorona/.m2/repository/org/apache/logging/log4j/log4j-to-slf4j/2.10.0/log4j-to-slf4j-2.10.0.jar:/Users/antoniocastrocorona/.m2/repository/org/apache/logging/log4j/log4j-api/2.10.0/log4j-api-2.10.0.jar:/Users/antoniocastrocorona/.m2/repository/org/slf4j/jul-to-slf4j/1.7.25/jul-to-slf4j-1.7.25.jar:/Users/antoniocastrocorona/.m2/repository/javax/annotation/javax.annotation-api/1.3.2/javax.annotation-api-1.3.2.jar:/Users/antoniocastrocorona/.m2/repository/org/yaml/snakeyaml/1.19/snakeyaml-1.19.jar:/Users/antoniocastrocorona/.m2/repository/org/springframework/boot/spring-boot-starter-json/2.0.5.RELEASE/spring-boot-starter-json-2.0.5.RELEASE.jar:/Users/antoniocastrocorona/.m2/repository/com/fasterxml/jackson/core/jackson-databind/2.9.6/jackson-databind-2.9.6.jar:/Users/antoniocastrocorona/.m2/repository/com/fasterxml/jackson/core/jackson-core/2.9.6/jackson-core-2.9.6.jar:/Users/antoniocastrocorona/.m2/repository/com/fasterxml/jackson/datatype/jackson-datatype-jdk8/2.9.6/jackson-datatype-jdk8-2.9.6.jar:/Users/antoniocastrocorona/.m2/repository/com/fasterxml/jackson/datatype/jackson-datatype-jsr310/2.9.6/jackson-datatype-jsr310-2.9.6.jar:/Users/antoniocastrocorona/.m2/repository/com/fasterxml/jackson/module/jackson-module-parameter-names/2.9.6/jackson-module-parameter-names-2.9.6.jar:/Users/antoniocastrocorona/.m2/repository/org/springframework/boot/spring-boot-starter-tomcat/2.0.5.RELEASE/spring-boot-starter-tomcat-2.0.5.RELEASE.jar:/Users/antoniocastrocorona/.m2/repository/org/apache/tomcat/embed/tomcat-embed-core/8.5.34/tomcat-embed-core-8.5.34.jar:/Users/antoniocastrocorona/.m2/repository/org/apache/tomcat/embed/tomcat-embed-el/8.5.34/tomcat-embed-el-8.5.34.jar:/Users/antoniocastrocorona/.m2/repository/org/apache/tomcat/embed/tomcat-embed-websocket/8.5.34/tomcat-embed-websocket-8.5.34.jar:/Users/antoniocastrocorona/.m2/repository/org/hibernate/validator/hibernate-validator/6.0.12.Final/hibernate-validator-6.0.12.Final.jar:/Users/antoniocastrocorona/.m2/repository/javax/validation/validation-api/2.0.1.Final/validation-api-2.0.1.Final.jar:/Users/antoniocastrocorona/.m2/repository/org/jboss/logging/jboss-logging/3.3.2.Final/jboss-logging-3.3.2.Final.jar:/Users/antoniocastrocorona/.m2/repository/com/fasterxml/classmate/1.3.4/classmate-1.3.4.jar:/Users/antoniocastrocorona/.m2/repository/org/springframework/spring-web/5.0.9.RELEASE/spring-web-5.0.9.RELEASE.jar:/Users/antoniocastrocorona/.m2/repository/org/springframework/spring-beans/5.0.9.RELEASE/spring-beans-5.0.9.RELEASE.jar:/Users/antoniocastrocorona/.m2/repository/org/springframework/spring-webmvc/5.0.9.RELEASE/spring-webmvc-5.0.9.RELEASE.jar:/Users/antoniocastrocorona/.m2/repository/org/springframework/spring-aop/5.0.9.RELEASE/spring-aop-5.0.9.RELEASE.jar:/Users/antoniocastrocorona/.m2/repository/org/springframework/spring-context/5.0.9.RELEASE/spring-context-5.0.9.RELEASE.jar:/Users/antoniocastrocorona/.m2/repository/org/springframework/spring-expression/5.0.9.RELEASE/spring-expression-5.0.9.RELEASE.jar:/Users/antoniocastrocorona/.m2/repository/org/springframework/boot/spring-boot-starter-test/2.0.5.RELEASE/spring-boot-starter-test-2.0.5.RELEASE.jar:/Users/antoniocastrocorona/.m2/repository/org/springframework/boot/spring-boot-test/2.0.5.RELEASE/spring-boot-test-2.0.5.RELEASE.jar:/Users/antoniocastrocorona/.m2/repository/org/springframework/boot/spring-boot-test-autoconfigure/2.0.5.RELEASE/spring-boot-test-autoconfigure-2.0.5.RELEASE.jar:/Users/antoniocastrocorona/.m2/repository/org/assertj/assertj-core/3.9.1/assertj-core-3.9.1.jar:/Users/antoniocastrocorona/.m2/repository/org/mockito/mockito-core/2.15.0/mockito-core-2.15.0.jar:/Users/antoniocastrocorona/.m2/repository/net/bytebuddy/byte-buddy-agent/1.7.11/byte-buddy-agent-1.7.11.jar:/Users/antoniocastrocorona/.m2/repository/org/objenesis/objenesis/2.6/objenesis-2.6.jar:/Users/antoniocastrocorona/.m2/repository/org/hamcrest/hamcrest-core/1.3/hamcrest-core-1.3.jar:/Users/antoniocastrocorona/.m2/repository/org/hamcrest/hamcrest-library/1.3/hamcrest-library-1.3.jar:/Users/antoniocastrocorona/.m2/repository/org/skyscreamer/jsonassert/1.5.0/jsonassert-1.5.0.jar:/Users/antoniocastrocorona/.m2/repository/com/vaadin/external/google/android-json/0.0.20131108.vaadin1/android-json-0.0.20131108.vaadin1.jar:/Users/antoniocastrocorona/.m2/repository/org/springframework/spring-core/5.0.9.RELEASE/spring-core-5.0.9.RELEASE.jar:/Users/antoniocastrocorona/.m2/repository/org/springframework/spring-jcl/5.0.9.RELEASE/spring-jcl-5.0.9.RELEASE.jar:/Users/antoniocastrocorona/.m2/repository/org/springframework/spring-test/5.0.9.RELEASE/spring-test-5.0.9.RELEASE.jar:/Users/antoniocastrocorona/.m2/repository/org/xmlunit/xmlunit-core/2.5.1/xmlunit-core-2.5.1.jar:/Users/antoniocastrocorona/.m2/repository/org/springframework/boot/spring-boot-starter-websocket/2.0.5.RELEASE/spring-boot-starter-websocket-2.0.5.RELEASE.jar:/Users/antoniocastrocorona/.m2/repository/org/springframework/spring-messaging/5.0.9.RELEASE/spring-messaging-5.0.9.RELEASE.jar:/Users/antoniocastrocorona/.m2/repository/org/springframework/spring-websocket/5.0.9.RELEASE/spring-websocket-5.0.9.RELEASE.jar:/Users/antoniocastrocorona/.m2/repository/org/springframework/boot/spring-boot-starter-data-jpa/2.0.5.RELEASE/spring-boot-starter-data-jpa-2.0.5.RELEASE.jar:/Users/antoniocastrocorona/.m2/repository/org/springframework/boot/spring-boot-starter-aop/2.0.5.RELEASE/spring-boot-starter-aop-2.0.5.RELEASE.jar:/Users/antoniocastrocorona/.m2/repository/org/aspectj/aspectjweaver/1.8.13/aspectjweaver-1.8.13.jar:/Users/antoniocastrocorona/.m2/repository/org/springframework/boot/spring-boot-starter-jdbc/2.0.5.RELEASE/spring-boot-starter-jdbc-2.0.5.RELEASE.jar:/Users/antoniocastrocorona/.m2/repository/com/zaxxer/HikariCP/2.7.9/HikariCP-2.7.9.jar:/Users/antoniocastrocorona/.m2/repository/org/springframework/spring-jdbc/5.0.9.RELEASE/spring-jdbc-5.0.9.RELEASE.jar:/Users/antoniocastrocorona/.m2/repository/javax/transaction/javax.transaction-api/1.2/javax.transaction-api-1.2.jar:/Users/antoniocastrocorona/.m2/repository/org/hibernate/hibernate-core/5.2.17.Final/hibernate-core-5.2.17.Final.jar:/Users/antoniocastrocorona/.m2/repository/org/hibernate/javax/persistence/hibernate-jpa-2.1-api/1.0.2.Final/hibernate-jpa-2.1-api-1.0.2.Final.jar:/Users/antoniocastrocorona/.m2/repository/org/javassist/javassist/3.22.0-GA/javassist-3.22.0-GA.jar:/Users/antoniocastrocorona/.m2/repository/antlr/antlr/2.7.7/antlr-2.7.7.jar:/Users/antoniocastrocorona/.m2/repository/org/jboss/jandex/2.0.3.Final/jandex-2.0.3.Final.jar:/Users/antoniocastrocorona/.m2/repository/dom4j/dom4j/1.6.1/dom4j-1.6.1.jar:/Users/antoniocastrocorona/.m2/repository/org/hibernate/common/hibernate-commons-annotations/5.0.1.Final/hibernate-commons-annotations-5.0.1.Final.jar:/Users/antoniocastrocorona/.m2/repository/org/springframework/data/spring-data-jpa/2.0.10.RELEASE/spring-data-jpa-2.0.10.RELEASE.jar:/Users/antoniocastrocorona/.m2/repository/org/springframework/data/spring-data-commons/2.0.10.RELEASE/spring-data-commons-2.0.10.RELEASE.jar:/Users/antoniocastrocorona/.m2/repository/org/springframework/spring-orm/5.0.9.RELEASE/spring-orm-5.0.9.RELEASE.jar:/Users/antoniocastrocorona/.m2/repository/org/springframework/spring-tx/5.0.9.RELEASE/spring-tx-5.0.9.RELEASE.jar:/Users/antoniocastrocorona/.m2/repository/org/springframework/spring-aspects/5.0.9.RELEASE/spring-aspects-5.0.9.RELEASE.jar:/Users/antoniocastrocorona/.m2/repository/org/springframework/boot/spring-boot-devtools/2.0.5.RELEASE/spring-boot-devtools-2.0.5.RELEASE.jar:/Users/antoniocastrocorona/.m2/repository/org/springframework/boot/spring-boot/2.0.5.RELEASE/spring-boot-2.0.5.RELEASE.jar:/Users/antoniocastrocorona/.m2/repository/org/springframework/boot/spring-boot-autoconfigure/2.0.5.RELEASE/spring-boot-autoconfigure-2.0.5.RELEASE.jar:/Users/antoniocastrocorona/.m2/repository/org/springframework/boot/spring-boot-starter-data-rest/2.0.5.RELEASE/spring-boot-starter-data-rest-2.0.5.RELEASE.jar:/Users/antoniocastrocorona/.m2/repository/org/springframework/data/spring-data-rest-webmvc/3.0.10.RELEASE/spring-data-rest-webmvc-3.0.10.RELEASE.jar:/Users/antoniocastrocorona/.m2/repository/org/springframework/data/spring-data-rest-core/3.0.10.RELEASE/spring-data-rest-core-3.0.10.RELEASE.jar:/Users/antoniocastrocorona/.m2/repository/org/springframework/hateoas/spring-hateoas/0.25.0.RELEASE/spring-hateoas-0.25.0.RELEASE.jar:/Users/antoniocastrocorona/.m2/repository/org/springframework/plugin/spring-plugin-core/1.2.0.RELEASE/spring-plugin-core-1.2.0.RELEASE.jar:/Users/antoniocastrocorona/.m2/repository/org/atteo/evo-inflector/1.2.2/evo-inflector-1.2.2.jar:/Users/antoniocastrocorona/.m2/repository/com/fasterxml/jackson/core/jackson-annotations/2.9.0/jackson-annotations-2.9.0.jar:/Users/antoniocastrocorona/.m2/repository/org/json/json/20160810/json-20160810.jar:/Users/antoniocastrocorona/.m2/repository/com/jayway/jsonpath/json-path/2.4.0/json-path-2.4.0.jar:/Users/antoniocastrocorona/.m2/repository/net/minidev/json-smart/2.3/json-smart-2.3.jar:/Users/antoniocastrocorona/.m2/repository/net/minidev/accessors-smart/1.2/accessors-smart-1.2.jar:/Users/antoniocastrocorona/.m2/repository/org/ow2/asm/asm/5.0.4/asm-5.0.4.jar:/Users/antoniocastrocorona/.m2/repository/org/slf4j/slf4j-api/1.7.25/slf4j-api-1.7.25.jar:/Users/antoniocastrocorona/.m2/repository/com/h2database/h2/1.4.199/h2-1.4.199.jar:/Users/antoniocastrocorona/.m2/repository/org/seleniumhq/selenium/selenium-java/3.14.0/selenium-java-3.14.0.jar:/Users/antoniocastrocorona/.m2/repository/org/seleniumhq/selenium/selenium-api/3.9.1/selenium-api-3.9.1.jar:/Users/antoniocastrocorona/.m2/repository/org/seleniumhq/selenium/selenium-chrome-driver/3.9.1/selenium-chrome-driver-3.9.1.jar:/Users/antoniocastrocorona/.m2/repository/com/google/code/gson/gson/2.8.5/gson-2.8.5.jar:/Users/antoniocastrocorona/.m2/repository/org/seleniumhq/selenium/selenium-edge-driver/3.9.1/selenium-edge-driver-3.9.1.jar:/Users/antoniocastrocorona/.m2/repository/org/seleniumhq/selenium/selenium-firefox-driver/3.9.1/selenium-firefox-driver-3.9.1.jar:/Users/antoniocastrocorona/.m2/repository/org/seleniumhq/selenium/selenium-ie-driver/3.9.1/selenium-ie-driver-3.9.1.jar:/Users/antoniocastrocorona/.m2/repository/org/seleniumhq/selenium/selenium-opera-driver/3.9.1/selenium-opera-driver-3.9.1.jar:/Users/antoniocastrocorona/.m2/repository/org/seleniumhq/selenium/selenium-remote-driver/3.9.1/selenium-remote-driver-3.9.1.jar:/Users/antoniocastrocorona/.m2/repository/org/seleniumhq/selenium/selenium-safari-driver/3.9.1/selenium-safari-driver-3.9.1.jar:/Users/antoniocastrocorona/.m2/repository/org/seleniumhq/selenium/selenium-support/3.9.1/selenium-support-3.9.1.jar:/Users/antoniocastrocorona/.m2/repository/net/bytebuddy/byte-buddy/1.7.11/byte-buddy-1.7.11.jar:/Users/antoniocastrocorona/.m2/repository/org/apache/commons/commons-exec/1.3/commons-exec-1.3.jar:/Users/antoniocastrocorona/.m2/repository/commons-codec/commons-codec/1.11/commons-codec-1.11.jar:/Users/antoniocastrocorona/.m2/repository/commons-logging/commons-logging/1.2/commons-logging-1.2.jar:/Users/antoniocastrocorona/.m2/repository/com/google/guava/guava/25.0-jre/guava-25.0-jre.jar:/Users/antoniocastrocorona/.m2/repository/com/google/code/findbugs/jsr305/1.3.9/jsr305-1.3.9.jar:/Users/antoniocastrocorona/.m2/repository/org/checkerframework/checker-compat-qual/2.0.0/checker-compat-qual-2.0.0.jar:/Users/antoniocastrocorona/.m2/repository/com/google/errorprone/error_prone_annotations/2.1.3/error_prone_annotations-2.1.3.jar:/Users/antoniocastrocorona/.m2/repository/com/google/j2objc/j2objc-annotations/1.1/j2objc-annotations-1.1.jar:/Users/antoniocastrocorona/.m2/repository/org/codehaus/mojo/animal-sniffer-annotations/1.14/animal-sniffer-annotations-1.14.jar:/Users/antoniocastrocorona/.m2/repository/org/apache/httpcomponents/httpclient/4.5.6/httpclient-4.5.6.jar:/Users/antoniocastrocorona/.m2/repository/org/apache/httpcomponents/httpcore/4.4.10/httpcore-4.4.10.jar:/Users/antoniocastrocorona/.m2/repository/com/squareup/okhttp3/okhttp/3.10.0/okhttp-3.10.0.jar:/Users/antoniocastrocorona/.m2/repository/com/squareup/okio/okio/1.14.1/okio-1.14.1.jar:/Users/antoniocastrocorona/.m2/repository/junit/junit/4.12/junit-4.12.jar:, java.specification.name=Java Platform API Specification, java.class.version=52.0, sun.management.compiler=HotSpot 64-Bit Tiered Compilers, os.version=10.11.6, http.nonProxyHosts=local|*.local|169.254/16|*.169.254/16, user.home=/Users/antoniocastrocorona, user.timezone=Europe/Madrid, java.awt.printerjob=sun.lwawt.macosx.CPrinterJob, file.encoding=UTF-8, java.specification.version=1.8, java.class.path=/Users/antoniocastrocorona/Downloads/banco20193capasFF/target/test-classes:/Users/antoniocastrocorona/Downloads/banco20193capasFF/target/classes:/Users/antoniocastrocorona/.m2/repository/org/springframework/boot/spring-boot-starter-web/2.0.5.RELEASE/spring-boot-starter-web-2.0.5.RELEASE.jar:/Users/antoniocastrocorona/.m2/repository/org/springframework/boot/spring-boot-starter/2.0.5.RELEASE/spring-boot-starter-2.0.5.RELEASE.jar:/Users/antoniocastrocorona/.m2/repository/org/springframework/boot/spring-boot-starter-logging/2.0.5.RELEASE/spring-boot-starter-logging-2.0.5.RELEASE.jar:/Users/antoniocastrocorona/.m2/repository/ch/qos/logback/logback-classic/1.2.3/logback-classic-1.2.3.jar:/Users/antoniocastrocorona/.m2/repository/ch/qos/logback/logback-core/1.2.3/logback-core-1.2.3.jar:/Users/antoniocastrocorona/.m2/repository/org/apache/logging/log4j/log4j-to-slf4j/2.10.0/log4j-to-slf4j-2.10.0.jar:/Users/antoniocastrocorona/.m2/repository/org/apache/logging/log4j/log4j-api/2.10.0/log4j-api-2.10.0.jar:/Users/antoniocastrocorona/.m2/repository/org/slf4j/jul-to-slf4j/1.7.25/jul-to-slf4j-1.7.25.jar:/Users/antoniocastrocorona/.m2/repository/javax/annotation/javax.annotation-api/1.3.2/javax.annotation-api-1.3.2.jar:/Users/antoniocastrocorona/.m2/repository/org/yaml/snakeyaml/1.19/snakeyaml-1.19.jar:/Users/antoniocastrocorona/.m2/repository/org/springframework/boot/spring-boot-starter-json/2.0.5.RELEASE/spring-boot-starter-json-2.0.5.RELEASE.jar:/Users/antoniocastrocorona/.m2/repository/com/fasterxml/jackson/core/jackson-databind/2.9.6/jackson-databind-2.9.6.jar:/Users/antoniocastrocorona/.m2/repository/com/fasterxml/jackson/core/jackson-core/2.9.6/jackson-core-2.9.6.jar:/Users/antoniocastrocorona/.m2/repository/com/fasterxml/jackson/datatype/jackson-datatype-jdk8/2.9.6/jackson-datatype-jdk8-2.9.6.jar:/Users/antoniocastrocorona/.m2/repository/com/fasterxml/jackson/datatype/jackson-datatype-jsr310/2.9.6/jackson-datatype-jsr310-2.9.6.jar:/Users/antoniocastrocorona/.m2/repository/com/fasterxml/jackson/module/jackson-module-parameter-names/2.9.6/jackson-module-parameter-names-2.9.6.jar:/Users/antoniocastrocorona/.m2/repository/org/springframework/boot/spring-boot-starter-tomcat/2.0.5.RELEASE/spring-boot-starter-tomcat-2.0.5.RELEASE.jar:/Users/antoniocastrocorona/.m2/repository/org/apache/tomcat/embed/tomcat-embed-core/8.5.34/tomcat-embed-core-8.5.34.jar:/Users/antoniocastrocorona/.m2/repository/org/apache/tomcat/embed/tomcat-embed-el/8.5.34/tomcat-embed-el-8.5.34.jar:/Users/antoniocastrocorona/.m2/repository/org/apache/tomcat/embed/tomcat-embed-websocket/8.5.34/tomcat-embed-websocket-8.5.34.jar:/Users/antoniocastrocorona/.m2/repository/org/hibernate/validator/hibernate-validator/6.0.12.Final/hibernate-validator-6.0.12.Final.jar:/Users/antoniocastrocorona/.m2/repository/javax/validation/validation-api/2.0.1.Final/validation-api-2.0.1.Final.jar:/Users/antoniocastrocorona/.m2/repository/org/jboss/logging/jboss-logging/3.3.2.Final/jboss-logging-3.3.2.Final.jar:/Users/antoniocastrocorona/.m2/repository/com/fasterxml/classmate/1.3.4/classmate-1.3.4.jar:/Users/antoniocastrocorona/.m2/repository/org/springframework/spring-web/5.0.9.RELEASE/spring-web-5.0.9.RELEASE.jar:/Users/antoniocastrocorona/.m2/repository/org/springframework/spring-beans/5.0.9.RELEASE/spring-beans-5.0.9.RELEASE.jar:/Users/antoniocastrocorona/.m2/repository/org/springframework/spring-webmvc/5.0.9.RELEASE/spring-webmvc-5.0.9.RELEASE.jar:/Users/antoniocastrocorona/.m2/repository/org/springframework/spring-aop/5.0.9.RELEASE/spring-aop-5.0.9.RELEASE.jar:/Users/antoniocastrocorona/.m2/repository/org/springframework/spring-context/5.0.9.RELEASE/spring-context-5.0.9.RELEASE.jar:/Users/antoniocastrocorona/.m2/repository/org/springframework/spring-expression/5.0.9.RELEASE/spring-expression-5.0.9.RELEASE.jar:/Users/antoniocastrocorona/.m2/repository/org/springframework/boot/spring-boot-starter-test/2.0.5.RELEASE/spring-boot-starter-test-2.0.5.RELEASE.jar:/Users/antoniocastrocorona/.m2/repository/org/springframework/boot/spring-boot-test/2.0.5.RELEASE/spring-boot-test-2.0.5.RELEASE.jar:/Users/antoniocastrocorona/.m2/repository/org/springframework/boot/spring-boot-test-autoconfigure/2.0.5.RELEASE/spring-boot-test-autoconfigure-2.0.5.RELEASE.jar:/Users/antoniocastrocorona/.m2/repository/org/assertj/assertj-core/3.9.1/assertj-core-3.9.1.jar:/Users/antoniocastrocorona/.m2/repository/org/mockito/mockito-core/2.15.0/mockito-core-2.15.0.jar:/Users/antoniocastrocorona/.m2/repository/net/bytebuddy/byte-buddy-agent/1.7.11/byte-buddy-agent-1.7.11.jar:/Users/antoniocastrocorona/.m2/repository/org/objenesis/objenesis/2.6/objenesis-2.6.jar:/Users/antoniocastrocorona/.m2/repository/org/hamcrest/hamcrest-core/1.3/hamcrest-core-1.3.jar:/Users/antoniocastrocorona/.m2/repository/org/hamcrest/hamcrest-library/1.3/hamcrest-library-1.3.jar:/Users/antoniocastrocorona/.m2/repository/org/skyscreamer/jsonassert/1.5.0/jsonassert-1.5.0.jar:/Users/antoniocastrocorona/.m2/repository/com/vaadin/external/google/android-json/0.0.20131108.vaadin1/android-json-0.0.20131108.vaadin1.jar:/Users/antoniocastrocorona/.m2/repository/org/springframework/spring-core/5.0.9.RELEASE/spring-core-5.0.9.RELEASE.jar:/Users/antoniocastrocorona/.m2/repository/org/springframework/spring-jcl/5.0.9.RELEASE/spring-jcl-5.0.9.RELEASE.jar:/Users/antoniocastrocorona/.m2/repository/org/springframework/spring-test/5.0.9.RELEASE/spring-test-5.0.9.RELEASE.jar:/Users/antoniocastrocorona/.m2/repository/org/xmlunit/xmlunit-core/2.5.1/xmlunit-core-2.5.1.jar:/Users/antoniocastrocorona/.m2/repository/org/springframework/boot/spring-boot-starter-websocket/2.0.5.RELEASE/spring-boot-starter-websocket-2.0.5.RELEASE.jar:/Users/antoniocastrocorona/.m2/repository/org/springframework/spring-messaging/5.0.9.RELEASE/spring-messaging-5.0.9.RELEASE.jar:/Users/antoniocastrocorona/.m2/repository/org/springframework/spring-websocket/5.0.9.RELEASE/spring-websocket-5.0.9.RELEASE.jar:/Users/antoniocastrocorona/.m2/repository/org/springframework/boot/spring-boot-starter-data-jpa/2.0.5.RELEASE/spring-boot-starter-data-jpa-2.0.5.RELEASE.jar:/Users/antoniocastrocorona/.m2/repository/org/springframework/boot/spring-boot-starter-aop/2.0.5.RELEASE/spring-boot-starter-aop-2.0.5.RELEASE.jar:/Users/antoniocastrocorona/.m2/repository/org/aspectj/aspectjweaver/1.8.13/aspectjweaver-1.8.13.jar:/Users/antoniocastrocorona/.m2/repository/org/springframework/boot/spring-boot-starter-jdbc/2.0.5.RELEASE/spring-boot-starter-jdbc-2.0.5.RELEASE.jar:/Users/antoniocastrocorona/.m2/repository/com/zaxxer/HikariCP/2.7.9/HikariCP-2.7.9.jar:/Users/antoniocastrocorona/.m2/repository/org/springframework/spring-jdbc/5.0.9.RELEASE/spring-jdbc-5.0.9.RELEASE.jar:/Users/antoniocastrocorona/.m2/repository/javax/transaction/javax.transaction-api/1.2/javax.transaction-api-1.2.jar:/Users/antoniocastrocorona/.m2/repository/org/hibernate/hibernate-core/5.2.17.Final/hibernate-core-5.2.17.Final.jar:/Users/antoniocastrocorona/.m2/repository/org/hibernate/javax/persistence/hibernate-jpa-2.1-api/1.0.2.Final/hibernate-jpa-2.1-api-1.0.2.Final.jar:/Users/antoniocastrocorona/.m2/repository/org/javassist/javassist/3.22.0-GA/javassist-3.22.0-GA.jar:/Users/antoniocastrocorona/.m2/repository/antlr/antlr/2.7.7/antlr-2.7.7.jar:/Users/antoniocastrocorona/.m2/repository/org/jboss/jandex/2.0.3.Final/jandex-2.0.3.Final.jar:/Users/antoniocastrocorona/.m2/repository/dom4j/dom4j/1.6.1/dom4j-1.6.1.jar:/Users/antoniocastrocorona/.m2/repository/org/hibernate/common/hibernate-commons-annotations/5.0.1.Final/hibernate-commons-annotations-5.0.1.Final.jar:/Users/antoniocastrocorona/.m2/repository/org/springframework/data/spring-data-jpa/2.0.10.RELEASE/spring-data-jpa-2.0.10.RELEASE.jar:/Users/antoniocastrocorona/.m2/repository/org/springframework/data/spring-data-commons/2.0.10.RELEASE/spring-data-commons-2.0.10.RELEASE.jar:/Users/antoniocastrocorona/.m2/repository/org/springframework/spring-orm/5.0.9.RELEASE/spring-orm-5.0.9.RELEASE.jar:/Users/antoniocastrocorona/.m2/repository/org/springframework/spring-tx/5.0.9.RELEASE/spring-tx-5.0.9.RELEASE.jar:/Users/antoniocastrocorona/.m2/repository/org/springframework/spring-aspects/5.0.9.RELEASE/spring-aspects-5.0.9.RELEASE.jar:/Users/antoniocastrocorona/.m2/repository/org/springframework/boot/spring-boot-devtools/2.0.5.RELEASE/spring-boot-devtools-2.0.5.RELEASE.jar:/Users/antoniocastrocorona/.m2/repository/org/springframework/boot/spring-boot/2.0.5.RELEASE/spring-boot-2.0.5.RELEASE.jar:/Users/antoniocastrocorona/.m2/repository/org/springframework/boot/spring-boot-autoconfigure/2.0.5.RELEASE/spring-boot-autoconfigure-2.0.5.RELEASE.jar:/Users/antoniocastrocorona/.m2/repository/org/springframework/boot/spring-boot-starter-data-rest/2.0.5.RELEASE/spring-boot-starter-data-rest-2.0.5.RELEASE.jar:/Users/antoniocastrocorona/.m2/repository/org/springframework/data/spring-data-rest-webmvc/3.0.10.RELEASE/spring-data-rest-webmvc-3.0.10.RELEASE.jar:/Users/antoniocastrocorona/.m2/repository/org/springframework/data/spring-data-rest-core/3.0.10.RELEASE/spring-data-rest-core-3.0.10.RELEASE.jar:/Users/antoniocastrocorona/.m2/repository/org/springframework/hateoas/spring-hateoas/0.25.0.RELEASE/spring-hateoas-0.25.0.RELEASE.jar:/Users/antoniocastrocorona/.m2/repository/org/springframework/plugin/spring-plugin-core/1.2.0.RELEASE/spring-plugin-core-1.2.0.RELEASE.jar:/Users/antoniocastrocorona/.m2/repository/org/atteo/evo-inflector/1.2.2/evo-inflector-1.2.2.jar:/Users/antoniocastrocorona/.m2/repository/com/fasterxml/jackson/core/jackson-annotations/2.9.0/jackson-annotations-2.9.0.jar:/Users/antoniocastrocorona/.m2/repository/org/json/json/20160810/json-20160810.jar:/Users/antoniocastrocorona/.m2/repository/com/jayway/jsonpath/json-path/2.4.0/json-path-2.4.0.jar:/Users/antoniocastrocorona/.m2/repository/net/minidev/json-smart/2.3/json-smart-2.3.jar:/Users/antoniocastrocorona/.m2/repository/net/minidev/accessors-smart/1.2/accessors-smart-1.2.jar:/Users/antoniocastrocorona/.m2/repository/org/ow2/asm/asm/5.0.4/asm-5.0.4.jar:/Users/antoniocastrocorona/.m2/repository/org/slf4j/slf4j-api/1.7.25/slf4j-api-1.7.25.jar:/Users/antoniocastrocorona/.m2/repository/com/h2database/h2/1.4.199/h2-1.4.199.jar:/Users/antoniocastrocorona/.m2/repository/org/seleniumhq/selenium/selenium-java/3.14.0/selenium-java-3.14.0.jar:/Users/antoniocastrocorona/.m2/repository/org/seleniumhq/selenium/selenium-api/3.9.1/selenium-api-3.9.1.jar:/Users/antoniocastrocorona/.m2/repository/org/seleniumhq/selenium/selenium-chrome-driver/3.9.1/selenium-chrome-driver-3.9.1.jar:/Users/antoniocastrocorona/.m2/repository/com/google/code/gson/gson/2.8.5/gson-2.8.5.jar:/Users/antoniocastrocorona/.m2/repository/org/seleniumhq/selenium/selenium-edge-driver/3.9.1/selenium-edge-driver-3.9.1.jar:/Users/antoniocastrocorona/.m2/repository/org/seleniumhq/selenium/selenium-firefox-driver/3.9.1/selenium-firefox-driver-3.9.1.jar:/Users/antoniocastrocorona/.m2/repository/org/seleniumhq/selenium/selenium-ie-driver/3.9.1/selenium-ie-driver-3.9.1.jar:/Users/antoniocastrocorona/.m2/repository/org/seleniumhq/selenium/selenium-opera-driver/3.9.1/selenium-opera-driver-3.9.1.jar:/Users/antoniocastrocorona/.m2/repository/org/seleniumhq/selenium/selenium-remote-driver/3.9.1/selenium-remote-driver-3.9.1.jar:/Users/antoniocastrocorona/.m2/repository/org/seleniumhq/selenium/selenium-safari-driver/3.9.1/selenium-safari-driver-3.9.1.jar:/Users/antoniocastrocorona/.m2/repository/org/seleniumhq/selenium/selenium-support/3.9.1/selenium-support-3.9.1.jar:/Users/antoniocastrocorona/.m2/repository/net/bytebuddy/byte-buddy/1.7.11/byte-buddy-1.7.11.jar:/Users/antoniocastrocorona/.m2/repository/org/apache/commons/commons-exec/1.3/commons-exec-1.3.jar:/Users/antoniocastrocorona/.m2/repository/commons-codec/commons-codec/1.11/commons-codec-1.11.jar:/Users/antoniocastrocorona/.m2/repository/commons-logging/commons-logging/1.2/commons-logging-1.2.jar:/Users/antoniocastrocorona/.m2/repository/com/google/guava/guava/25.0-jre/guava-25.0-jre.jar:/Users/antoniocastrocorona/.m2/repository/com/google/code/findbugs/jsr305/1.3.9/jsr305-1.3.9.jar:/Users/antoniocastrocorona/.m2/repository/org/checkerframework/checker-compat-qual/2.0.0/checker-compat-qual-2.0.0.jar:/Users/antoniocastrocorona/.m2/repository/com/google/errorprone/error_prone_annotations/2.1.3/error_prone_annotations-2.1.3.jar:/Users/antoniocastrocorona/.m2/repository/com/google/j2objc/j2objc-annotations/1.1/j2objc-annotations-1.1.jar:/Users/antoniocastrocorona/.m2/repository/org/codehaus/mojo/animal-sniffer-annotations/1.14/animal-sniffer-annotations-1.14.jar:/Users/antoniocastrocorona/.m2/repository/org/apache/httpcomponents/httpclient/4.5.6/httpclient-4.5.6.jar:/Users/antoniocastrocorona/.m2/repository/org/apache/httpcomponents/httpcore/4.4.10/httpcore-4.4.10.jar:/Users/antoniocastrocorona/.m2/repository/com/squareup/okhttp3/okhttp/3.10.0/okhttp-3.10.0.jar:/Users/antoniocastrocorona/.m2/repository/com/squareup/okio/okio/1.14.1/okio-1.14.1.jar:/Users/antoniocastrocorona/.m2/repository/junit/junit/4.12/junit-4.12.jar:, user.name=antoniocastrocorona, java.vm.specification.version=1.8, sun.java.command=/Users/antoniocastrocorona/Downloads/banco20193capasFF/target/surefire/surefirebooter6335559416999510094.jar /Users/antoniocastrocorona/Downloads/banco20193capasFF/target/surefire 2019-12-21T20-27-49_156-jvmRun1 surefire9160572023556481466tmp surefire_01979817013618392492tmp, java.home=/Library/Java/JavaVirtualMachines/jdk1.8.0_191.jdk/Contents/Home/jre, sun.arch.data.model=64, user.language=es, java.specification.vendor=Oracle Corporation, awt.toolkit=sun.lwawt.macosx.LWCToolkit, java.vm.info=mixed mode, java.version=1.8.0_191, java.ext.dirs=/Users/antoniocastrocorona/Library/Java/Extensions:/Library/Java/JavaVirtualMachines/jdk1.8.0_191.jdk/Contents/Home/jre/lib/ext:/Library/Java/Extensions:/Network/Library/Java/Extensions:/System/Library/Java/Extensions:/usr/lib/java, sun.boot.class.path=/Library/Java/JavaVirtualMachines/jdk1.8.0_191.jdk/Contents/Home/jre/lib/resources.jar:/Library/Java/JavaVirtualMachines/jdk1.8.0_191.jdk/Contents/Home/jre/lib/rt.jar:/Library/Java/JavaVirtualMachines/jdk1.8.0_191.jdk/Contents/Home/jre/lib/sunrsasign.jar:/Library/Java/JavaVirtualMachines/jdk1.8.0_191.jdk/Contents/Home/jre/lib/jsse.jar:/Library/Java/JavaVirtualMachines/jdk1.8.0_191.jdk/Contents/Home/jre/lib/jce.jar:/Library/Java/JavaVirtualMachines/jdk1.8.0_191.jdk/Contents/Home/jre/lib/charsets.jar:/Library/Java/JavaVirtualMachines/jdk1.8.0_191.jdk/Contents/Home/jre/lib/jfr.jar:/Library/Java/JavaVirtualMachines/jdk1.8.0_191.jdk/Contents/Home/jre/classes, java.vendor=Oracle Corporation, localRepository=/Users/antoniocastrocorona/.m2/repository, file.separator=/, java.vendor.url.bug=http://bugreport.sun.com/bugreport/, sun.io.unicode.encoding=UnicodeBig, sun.cpu.endian=little, socksNonProxyHosts=local|*.local|169.254/16|*.169.254/16, ftp.nonProxyHosts=local|*.local|169.254/16|*.169.254/16, sun.cpu.isalist=}}, SystemEnvironmentPropertySource@131709548 {name='systemEnvironment', properties={PATH=/usr/bin:/bin:/usr/sbin:/sbin, SHELL=/bin/bash, JAVA_MAIN_CLASS_16408=org.apache.maven.surefire.booter.ForkedBooter, OLDPWD=/Users/antoniocastrocorona/Downloads/banco20193capasFF, USER=antoniocastrocorona, APP_ICON_15880=../Resources/Eclipse.icns, TMPDIR=/var/folders/6m/f157797s4rzfn4lh7066sw9w0000gn/T/, SSH_AUTH_SOCK=/private/tmp/com.apple.launchd.0DfHRy7wi6/Listeners, XPC_FLAGS=0x0, JAVA_STARTED_ON_FIRST_THREAD_15880=1, __CF_USER_TEXT_ENCODING=0x1F5:0x0:0x8, Apple_PubSub_Socket_Render=/private/tmp/com.apple.launchd.fHfjCGNRsc/Render, LOGNAME=antoniocastrocorona, JAVA_MAIN_CLASS_16393=org.codehaus.plexus.classworlds.launcher.Launcher, XPC_SERVICE_NAME=0, PWD=/Users/antoniocastrocorona/Downloads/banco20193capasFF, HOME=/Users/antoniocastrocorona, SHLVL=1, _=/Library/Java/JavaVirtualMachines/jdk1.8.0_191.jdk/Contents/Home/jre/bin/java}}]
20:27:54.170 [main] DEBUG org.springframework.core.io.support.PathMatchingResourcePatternResolver - Resolved classpath location [edu/uclm/esi/iso2/banco20193capas/] to resources [URL [file:/Users/antoniocastrocorona/Downloads/banco20193capasFF/target/test-classes/edu/uclm/esi/iso2/banco20193capas/], URL [file:/Users/antoniocastrocorona/Downloads/banco20193capasFF/target/classes/edu/uclm/esi/iso2/banco20193capas/]]
20:27:54.173 [main] DEBUG org.springframework.core.io.support.PathMatchingResourcePatternResolver - Looking for matching resources in directory tree [/Users/antoniocastrocorona/Downloads/banco20193capasFF/target/test-classes/edu/uclm/esi/iso2/banco20193capas]
20:27:54.175 [main] DEBUG org.springframework.core.io.support.PathMatchingResourcePatternResolver - Searching directory [/Users/antoniocastrocorona/Downloads/banco20193capasFF/target/test-classes/edu/uclm/esi/iso2/banco20193capas] for files matching pattern [/Users/antoniocastrocorona/Downloads/banco20193capasFF/target/test-classes/edu/uclm/esi/iso2/banco20193capas/*.class]
20:27:54.198 [main] DEBUG org.springframework.core.io.support.PathMatchingResourcePatternResolver - Looking for matching resources in directory tree [/Users/antoniocastrocorona/Downloads/banco20193capasFF/target/classes/edu/uclm/esi/iso2/banco20193capas]
20:27:54.200 [main] DEBUG org.springframework.core.io.support.PathMatchingResourcePatternResolver - Searching directory [/Users/antoniocastrocorona/Downloads/banco20193capasFF/target/classes/edu/uclm/esi/iso2/banco20193capas] for files matching pattern [/Users/antoniocastrocorona/Downloads/banco20193capasFF/target/classes/edu/uclm/esi/iso2/banco20193capas/*.class]
20:27:54.204 [main] DEBUG org.springframework.core.io.support.PathMatchingResourcePatternResolver - Resolved location pattern [classpath*:edu/uclm/esi/iso2/banco20193capas/*.class] to resources [file [/Users/antoniocastrocorona/Downloads/banco20193capasFF/target/test-classes/edu/uclm/esi/iso2/banco20193capas/TestCuenta.class], file [/Users/antoniocastrocorona/Downloads/banco20193capasFF/target/test-classes/edu/uclm/esi/iso2/banco20193capas/TestCuentaConFixtures.class], file [/Users/antoniocastrocorona/Downloads/banco20193capasFF/target/test-classes/edu/uclm/esi/iso2/banco20193capas/TestCuentaConFixtures4Casos.class], file [/Users/antoniocastrocorona/Downloads/banco20193capasFF/target/classes/edu/uclm/esi/iso2/banco20193capas/Lanzadora.class]]
20:27:54.566 [main] DEBUG org.springframework.context.annotation.ClassPathScanningCandidateComponentProvider - Identified candidate component class: file [/Users/antoniocastrocorona/Downloads/banco20193capasFF/target/classes/edu/uclm/esi/iso2/banco20193capas/Lanzadora.class]
20:27:54.569 [main] INFO org.springframework.boot.test.context.SpringBootTestContextBootstrapper - Found @SpringBootConfiguration edu.uclm.esi.iso2.banco20193capas.Lanzadora for test class edu.uclm.esi.iso2.banco20193capas.TestCuenta
20:27:55.028 [main] DEBUG org.springframework.boot.test.context.SpringBootTestContextBootstrapper - @TestExecutionListeners is not present for class [edu.uclm.esi.iso2.banco20193capas.TestCuenta]: using defaults.
20:27:55.040 [main] INFO org.springframework.boot.test.context.SpringBootTestContextBootstrapper - Loaded default TestExecutionListener class names from location [META-INF/spring.factories]: [org.springframework.boot.test.mock.mockito.MockitoTestExecutionListener, org.springframework.boot.test.mock.mockito.ResetMocksTestExecutionListener, org.springframework.boot.test.autoconfigure.restdocs.RestDocsTestExecutionListener, org.springframework.boot.test.autoconfigure.web.client.MockRestServiceServerResetTestExecutionListener, org.springframework.boot.test.autoconfigure.web.servlet.MockMvcPrintOnlyOnFailureTestExecutionListener, org.springframework.boot.test.autoconfigure.web.servlet.WebDriverTestExecutionListener, org.springframework.test.context.web.ServletTestExecutionListener, org.springframework.test.context.support.DirtiesContextBeforeModesTestExecutionListener, org.springframework.test.context.support.DependencyInjectionTestExecutionListener, org.springframework.test.context.support.DirtiesContextTestExecutionListener, org.springframework.test.context.transaction.TransactionalTestExecutionListener, org.springframework.test.context.jdbc.SqlScriptsTestExecutionListener]
20:27:55.200 [main] INFO org.springframework.boot.test.context.SpringBootTestContextBootstrapper - Using TestExecutionListeners: [org.springframework.test.context.web.ServletTestExecutionListener@48ccbb32, org.springframework.test.context.support.DirtiesContextBeforeModesTestExecutionListener@36551e97, org.springframework.boot.test.mock.mockito.MockitoTestExecutionListener@685d7ba5, org.springframework.boot.test.autoconfigure.SpringBootDependencyInjectionTestExecutionListener@16d41725, org.springframework.test.context.support.DirtiesContextTestExecutionListener@3b6c2be6, org.springframework.test.context.transaction.TransactionalTestExecutionListener@25533bba, org.springframework.test.context.jdbc.SqlScriptsTestExecutionListener@26d0ece6, org.springframework.boot.test.mock.mockito.ResetMocksTestExecutionListener@100bba26, org.springframework.boot.test.autoconfigure.restdocs.RestDocsTestExecutionListener@4ae280da, org.springframework.boot.test.autoconfigure.web.client.MockRestServiceServerResetTestExecutionListener@76d0ecd7, org.springframework.boot.test.autoconfigure.web.servlet.MockMvcPrintOnlyOnFailureTestExecutionListener@57c69937, org.springframework.boot.test.autoconfigure.web.servlet.WebDriverTestExecutionListener@1ad1c363]
20:27:55.218 [main] DEBUG org.springframework.test.annotation.ProfileValueUtils - Retrieved @ProfileValueSourceConfiguration [null] for test class [edu.uclm.esi.iso2.banco20193capas.TestCuenta]
20:27:55.219 [main] DEBUG org.springframework.test.annotation.ProfileValueUtils - Retrieved ProfileValueSource type [class org.springframework.test.annotation.SystemProfileValueSource] for class [edu.uclm.esi.iso2.banco20193capas.TestCuenta]
20:27:55.237 [main] DEBUG org.springframework.test.annotation.ProfileValueUtils - Retrieved @ProfileValueSourceConfiguration [null] for test class [edu.uclm.esi.iso2.banco20193capas.TestCuenta]
20:27:55.237 [main] DEBUG org.springframework.test.annotation.ProfileValueUtils - Retrieved ProfileValueSource type [class org.springframework.test.annotation.SystemProfileValueSource] for class [edu.uclm.esi.iso2.banco20193capas.TestCuenta]
20:27:55.249 [main] DEBUG org.springframework.test.annotation.ProfileValueUtils - Retrieved @ProfileValueSourceConfiguration [null] for test class [edu.uclm.esi.iso2.banco20193capas.TestCuenta]
20:27:55.250 [main] DEBUG org.springframework.test.annotation.ProfileValueUtils - Retrieved ProfileValueSource type [class org.springframework.test.annotation.SystemProfileValueSource] for class [edu.uclm.esi.iso2.banco20193capas.TestCuenta]
20:27:55.264 [main] DEBUG org.springframework.test.context.support.AbstractDirtiesContextTestExecutionListener - Before test class: context [DefaultTestContext@2bb31455 testClass = TestCuenta, testInstance = [null], testMethod = [null], testException = [null], mergedContextConfiguration = [WebMergedContextConfiguration@3c16528d testClass = TestCuenta, locations = '{}', classes = '{class edu.uclm.esi.iso2.banco20193capas.Lanzadora}', contextInitializerClasses = '[]', activeProfiles = '{}', propertySourceLocations = '{}', propertySourceProperties = '{org.springframework.boot.test.context.SpringBootTestContextBootstrapper=true}', contextCustomizers = set[org.springframework.boot.test.context.filter.ExcludeFilterContextCustomizer@1976f537, org.springframework.boot.test.json.DuplicateJsonObjectContextCustomizerFactory$DuplicateJsonObjectContextCustomizer@75308740, org.springframework.boot.test.mock.mockito.MockitoContextCustomizer@0, org.springframework.boot.test.web.client.TestRestTemplateContextCustomizer@3d8b319e, org.springframework.boot.test.autoconfigure.properties.PropertyMappingContextCustomizer@0, org.springframework.boot.test.autoconfigure.web.servlet.WebDriverContextCustomizerFactory$Customizer@4dc8c0ea], resourceBasePath = 'src/main/webapp', contextLoader = 'org.springframework.boot.test.context.SpringBootContextLoader', parent = [null]], attributes = map['org.springframework.test.context.web.ServletTestExecutionListener.activateListener' -> true]], class annotated with @DirtiesContext [false] with mode [null].
20:27:55.265 [main] DEBUG org.springframework.test.annotation.ProfileValueUtils - Retrieved @ProfileValueSourceConfiguration [null] for test class [edu.uclm.esi.iso2.banco20193capas.TestCuenta]
20:27:55.265 [main] DEBUG org.springframework.test.annotation.ProfileValueUtils - Retrieved ProfileValueSource type [class org.springframework.test.annotation.SystemProfileValueSource] for class [edu.uclm.esi.iso2.banco20193capas.TestCuenta]
20:27:55.432 [main] DEBUG org.springframework.core.env.StandardEnvironment - Adding PropertySource 'systemProperties' with lowest search precedence
20:27:55.432 [main] DEBUG org.springframework.core.env.StandardEnvironment - Adding PropertySource 'systemEnvironment' with lowest search precedence
20:27:55.433 [main] DEBUG org.springframework.core.env.StandardEnvironment - Initialized StandardEnvironment with PropertySources [MapPropertySource@1043154163 {name='systemProperties', properties={java.runtime.name=Java(TM) SE Runtime Environment, sun.boot.library.path=/Library/Java/JavaVirtualMachines/jdk1.8.0_191.jdk/Contents/Home/jre/lib, java.vm.version=25.191-b12, gopherProxySet=false, java.vm.vendor=Oracle Corporation, java.vendor.url=http://java.oracle.com/, path.separator=:, java.vm.name=Java HotSpot(TM) 64-Bit Server VM, file.encoding.pkg=sun.io, user.country=ES, sun.java.launcher=SUN_STANDARD, sun.os.patch.level=unknown, java.vm.specification.name=Java Virtual Machine Specification, user.dir=/Users/antoniocastrocorona/Downloads/banco20193capasFF, java.runtime.version=1.8.0_191-b12, basedir=/Users/antoniocastrocorona/Downloads/banco20193capasFF, java.awt.graphicsenv=sun.awt.CGraphicsEnvironment, java.endorsed.dirs=/Library/Java/JavaVirtualMachines/jdk1.8.0_191.jdk/Contents/Home/jre/lib/endorsed, os.arch=x86_64, surefire.real.class.path=/Users/antoniocastrocorona/Downloads/banco20193capasFF/target/surefire/surefirebooter6335559416999510094.jar:/Users/antoniocastrocorona/.m2/repository/org/jacoco/org.jacoco.agent/0.7.9/org.jacoco.agent-0.7.9-runtime.jar, java.io.tmpdir=/var/folders/6m/f157797s4rzfn4lh7066sw9w0000gn/T/, line.separator=
, java.vm.specification.vendor=Oracle Corporation, os.name=Mac OS X, sun.jnu.encoding=UTF-8, java.library.path=/Users/antoniocastrocorona/Library/Java/Extensions:/Library/Java/Extensions:/Network/Library/Java/Extensions:/System/Library/Java/Extensions:/usr/lib/java:., surefire.test.class.path=/Users/antoniocastrocorona/Downloads/banco20193capasFF/target/test-classes:/Users/antoniocastrocorona/Downloads/banco20193capasFF/target/classes:/Users/antoniocastrocorona/.m2/repository/org/springframework/boot/spring-boot-starter-web/2.0.5.RELEASE/spring-boot-starter-web-2.0.5.RELEASE.jar:/Users/antoniocastrocorona/.m2/repository/org/springframework/boot/spring-boot-starter/2.0.5.RELEASE/spring-boot-starter-2.0.5.RELEASE.jar:/Users/antoniocastrocorona/.m2/repository/org/springframework/boot/spring-boot-starter-logging/2.0.5.RELEASE/spring-boot-starter-logging-2.0.5.RELEASE.jar:/Users/antoniocastrocorona/.m2/repository/ch/qos/logback/logback-classic/1.2.3/logback-classic-1.2.3.jar:/Users/antoniocastrocorona/.m2/repository/ch/qos/logback/logback-core/1.2.3/logback-core-1.2.3.jar:/Users/antoniocastrocorona/.m2/repository/org/apache/logging/log4j/log4j-to-slf4j/2.10.0/log4j-to-slf4j-2.10.0.jar:/Users/antoniocastrocorona/.m2/repository/org/apache/logging/log4j/log4j-api/2.10.0/log4j-api-2.10.0.jar:/Users/antoniocastrocorona/.m2/repository/org/slf4j/jul-to-slf4j/1.7.25/jul-to-slf4j-1.7.25.jar:/Users/antoniocastrocorona/.m2/repository/javax/annotation/javax.annotation-api/1.3.2/javax.annotation-api-1.3.2.jar:/Users/antoniocastrocorona/.m2/repository/org/yaml/snakeyaml/1.19/snakeyaml-1.19.jar:/Users/antoniocastrocorona/.m2/repository/org/springframework/boot/spring-boot-starter-json/2.0.5.RELEASE/spring-boot-starter-json-2.0.5.RELEASE.jar:/Users/antoniocastrocorona/.m2/repository/com/fasterxml/jackson/core/jackson-databind/2.9.6/jackson-databind-2.9.6.jar:/Users/antoniocastrocorona/.m2/repository/com/fasterxml/jackson/core/jackson-core/2.9.6/jackson-core-2.9.6.jar:/Users/antoniocastrocorona/.m2/repository/com/fasterxml/jackson/datatype/jackson-datatype-jdk8/2.9.6/jackson-datatype-jdk8-2.9.6.jar:/Users/antoniocastrocorona/.m2/repository/com/fasterxml/jackson/datatype/jackson-datatype-jsr310/2.9.6/jackson-datatype-jsr310-2.9.6.jar:/Users/antoniocastrocorona/.m2/repository/com/fasterxml/jackson/module/jackson-module-parameter-names/2.9.6/jackson-module-parameter-names-2.9.6.jar:/Users/antoniocastrocorona/.m2/repository/org/springframework/boot/spring-boot-starter-tomcat/2.0.5.RELEASE/spring-boot-starter-tomcat-2.0.5.RELEASE.jar:/Users/antoniocastrocorona/.m2/repository/org/apache/tomcat/embed/tomcat-embed-core/8.5.34/tomcat-embed-core-8.5.34.jar:/Users/antoniocastrocorona/.m2/repository/org/apache/tomcat/embed/tomcat-embed-el/8.5.34/tomcat-embed-el-8.5.34.jar:/Users/antoniocastrocorona/.m2/repository/org/apache/tomcat/embed/tomcat-embed-websocket/8.5.34/tomcat-embed-websocket-8.5.34.jar:/Users/antoniocastrocorona/.m2/repository/org/hibernate/validator/hibernate-validator/6.0.12.Final/hibernate-validator-6.0.12.Final.jar:/Users/antoniocastrocorona/.m2/repository/javax/validation/validation-api/2.0.1.Final/validation-api-2.0.1.Final.jar:/Users/antoniocastrocorona/.m2/repository/org/jboss/logging/jboss-logging/3.3.2.Final/jboss-logging-3.3.2.Final.jar:/Users/antoniocastrocorona/.m2/repository/com/fasterxml/classmate/1.3.4/classmate-1.3.4.jar:/Users/antoniocastrocorona/.m2/repository/org/springframework/spring-web/5.0.9.RELEASE/spring-web-5.0.9.RELEASE.jar:/Users/antoniocastrocorona/.m2/repository/org/springframework/spring-beans/5.0.9.RELEASE/spring-beans-5.0.9.RELEASE.jar:/Users/antoniocastrocorona/.m2/repository/org/springframework/spring-webmvc/5.0.9.RELEASE/spring-webmvc-5.0.9.RELEASE.jar:/Users/antoniocastrocorona/.m2/repository/org/springframework/spring-aop/5.0.9.RELEASE/spring-aop-5.0.9.RELEASE.jar:/Users/antoniocastrocorona/.m2/repository/org/springframework/spring-context/5.0.9.RELEASE/spring-context-5.0.9.RELEASE.jar:/Users/antoniocastrocorona/.m2/repository/org/springframework/spring-expression/5.0.9.RELEASE/spring-expression-5.0.9.RELEASE.jar:/Users/antoniocastrocorona/.m2/repository/org/springframework/boot/spring-boot-starter-test/2.0.5.RELEASE/spring-boot-starter-test-2.0.5.RELEASE.jar:/Users/antoniocastrocorona/.m2/repository/org/springframework/boot/spring-boot-test/2.0.5.RELEASE/spring-boot-test-2.0.5.RELEASE.jar:/Users/antoniocastrocorona/.m2/repository/org/springframework/boot/spring-boot-test-autoconfigure/2.0.5.RELEASE/spring-boot-test-autoconfigure-2.0.5.RELEASE.jar:/Users/antoniocastrocorona/.m2/repository/org/assertj/assertj-core/3.9.1/assertj-core-3.9.1.jar:/Users/antoniocastrocorona/.m2/repository/org/mockito/mockito-core/2.15.0/mockito-core-2.15.0.jar:/Users/antoniocastrocorona/.m2/repository/net/bytebuddy/byte-buddy-agent/1.7.11/byte-buddy-agent-1.7.11.jar:/Users/antoniocastrocorona/.m2/repository/org/objenesis/objenesis/2.6/objenesis-2.6.jar:/Users/antoniocastrocorona/.m2/repository/org/hamcrest/hamcrest-core/1.3/hamcrest-core-1.3.jar:/Users/antoniocastrocorona/.m2/repository/org/hamcrest/hamcrest-library/1.3/hamcrest-library-1.3.jar:/Users/antoniocastrocorona/.m2/repository/org/skyscreamer/jsonassert/1.5.0/jsonassert-1.5.0.jar:/Users/antoniocastrocorona/.m2/repository/com/vaadin/external/google/android-json/0.0.20131108.vaadin1/android-json-0.0.20131108.vaadin1.jar:/Users/antoniocastrocorona/.m2/repository/org/springframework/spring-core/5.0.9.RELEASE/spring-core-5.0.9.RELEASE.jar:/Users/antoniocastrocorona/.m2/repository/org/springframework/spring-jcl/5.0.9.RELEASE/spring-jcl-5.0.9.RELEASE.jar:/Users/antoniocastrocorona/.m2/repository/org/springframework/spring-test/5.0.9.RELEASE/spring-test-5.0.9.RELEASE.jar:/Users/antoniocastrocorona/.m2/repository/org/xmlunit/xmlunit-core/2.5.1/xmlunit-core-2.5.1.jar:/Users/antoniocastrocorona/.m2/repository/org/springframework/boot/spring-boot-starter-websocket/2.0.5.RELEASE/spring-boot-starter-websocket-2.0.5.RELEASE.jar:/Users/antoniocastrocorona/.m2/repository/org/springframework/spring-messaging/5.0.9.RELEASE/spring-messaging-5.0.9.RELEASE.jar:/Users/antoniocastrocorona/.m2/repository/org/springframework/spring-websocket/5.0.9.RELEASE/spring-websocket-5.0.9.RELEASE.jar:/Users/antoniocastrocorona/.m2/repository/org/springframework/boot/spring-boot-starter-data-jpa/2.0.5.RELEASE/spring-boot-starter-data-jpa-2.0.5.RELEASE.jar:/Users/antoniocastrocorona/.m2/repository/org/springframework/boot/spring-boot-starter-aop/2.0.5.RELEASE/spring-boot-starter-aop-2.0.5.RELEASE.jar:/Users/antoniocastrocorona/.m2/repository/org/aspectj/aspectjweaver/1.8.13/aspectjweaver-1.8.13.jar:/Users/antoniocastrocorona/.m2/repository/org/springframework/boot/spring-boot-starter-jdbc/2.0.5.RELEASE/spring-boot-starter-jdbc-2.0.5.RELEASE.jar:/Users/antoniocastrocorona/.m2/repository/com/zaxxer/HikariCP/2.7.9/HikariCP-2.7.9.jar:/Users/antoniocastrocorona/.m2/repository/org/springframework/spring-jdbc/5.0.9.RELEASE/spring-jdbc-5.0.9.RELEASE.jar:/Users/antoniocastrocorona/.m2/repository/javax/transaction/javax.transaction-api/1.2/javax.transaction-api-1.2.jar:/Users/antoniocastrocorona/.m2/repository/org/hibernate/hibernate-core/5.2.17.Final/hibernate-core-5.2.17.Final.jar:/Users/antoniocastrocorona/.m2/repository/org/hibernate/javax/persistence/hibernate-jpa-2.1-api/1.0.2.Final/hibernate-jpa-2.1-api-1.0.2.Final.jar:/Users/antoniocastrocorona/.m2/repository/org/javassist/javassist/3.22.0-GA/javassist-3.22.0-GA.jar:/Users/antoniocastrocorona/.m2/repository/antlr/antlr/2.7.7/antlr-2.7.7.jar:/Users/antoniocastrocorona/.m2/repository/org/jboss/jandex/2.0.3.Final/jandex-2.0.3.Final.jar:/Users/antoniocastrocorona/.m2/repository/dom4j/dom4j/1.6.1/dom4j-1.6.1.jar:/Users/antoniocastrocorona/.m2/repository/org/hibernate/common/hibernate-commons-annotations/5.0.1.Final/hibernate-commons-annotations-5.0.1.Final.jar:/Users/antoniocastrocorona/.m2/repository/org/springframework/data/spring-data-jpa/2.0.10.RELEASE/spring-data-jpa-2.0.10.RELEASE.jar:/Users/antoniocastrocorona/.m2/repository/org/springframework/data/spring-data-commons/2.0.10.RELEASE/spring-data-commons-2.0.10.RELEASE.jar:/Users/antoniocastrocorona/.m2/repository/org/springframework/spring-orm/5.0.9.RELEASE/spring-orm-5.0.9.RELEASE.jar:/Users/antoniocastrocorona/.m2/repository/org/springframework/spring-tx/5.0.9.RELEASE/spring-tx-5.0.9.RELEASE.jar:/Users/antoniocastrocorona/.m2/repository/org/springframework/spring-aspects/5.0.9.RELEASE/spring-aspects-5.0.9.RELEASE.jar:/Users/antoniocastrocorona/.m2/repository/org/springframework/boot/spring-boot-devtools/2.0.5.RELEASE/spring-boot-devtools-2.0.5.RELEASE.jar:/Users/antoniocastrocorona/.m2/repository/org/springframework/boot/spring-boot/2.0.5.RELEASE/spring-boot-2.0.5.RELEASE.jar:/Users/antoniocastrocorona/.m2/repository/org/springframework/boot/spring-boot-autoconfigure/2.0.5.RELEASE/spring-boot-autoconfigure-2.0.5.RELEASE.jar:/Users/antoniocastrocorona/.m2/repository/org/springframework/boot/spring-boot-starter-data-rest/2.0.5.RELEASE/spring-boot-starter-data-rest-2.0.5.RELEASE.jar:/Users/antoniocastrocorona/.m2/repository/org/springframework/data/spring-data-rest-webmvc/3.0.10.RELEASE/spring-data-rest-webmvc-3.0.10.RELEASE.jar:/Users/antoniocastrocorona/.m2/repository/org/springframework/data/spring-data-rest-core/3.0.10.RELEASE/spring-data-rest-core-3.0.10.RELEASE.jar:/Users/antoniocastrocorona/.m2/repository/org/springframework/hateoas/spring-hateoas/0.25.0.RELEASE/spring-hateoas-0.25.0.RELEASE.jar:/Users/antoniocastrocorona/.m2/repository/org/springframework/plugin/spring-plugin-core/1.2.0.RELEASE/spring-plugin-core-1.2.0.RELEASE.jar:/Users/antoniocastrocorona/.m2/repository/org/atteo/evo-inflector/1.2.2/evo-inflector-1.2.2.jar:/Users/antoniocastrocorona/.m2/repository/com/fasterxml/jackson/core/jackson-annotations/2.9.0/jackson-annotations-2.9.0.jar:/Users/antoniocastrocorona/.m2/repository/org/json/json/20160810/json-20160810.jar:/Users/antoniocastrocorona/.m2/repository/com/jayway/jsonpath/json-path/2.4.0/json-path-2.4.0.jar:/Users/antoniocastrocorona/.m2/repository/net/minidev/json-smart/2.3/json-smart-2.3.jar:/Users/antoniocastrocorona/.m2/repository/net/minidev/accessors-smart/1.2/accessors-smart-1.2.jar:/Users/antoniocastrocorona/.m2/repository/org/ow2/asm/asm/5.0.4/asm-5.0.4.jar:/Users/antoniocastrocorona/.m2/repository/org/slf4j/slf4j-api/1.7.25/slf4j-api-1.7.25.jar:/Users/antoniocastrocorona/.m2/repository/com/h2database/h2/1.4.199/h2-1.4.199.jar:/Users/antoniocastrocorona/.m2/repository/org/seleniumhq/selenium/selenium-java/3.14.0/selenium-java-3.14.0.jar:/Users/antoniocastrocorona/.m2/repository/org/seleniumhq/selenium/selenium-api/3.9.1/selenium-api-3.9.1.jar:/Users/antoniocastrocorona/.m2/repository/org/seleniumhq/selenium/selenium-chrome-driver/3.9.1/selenium-chrome-driver-3.9.1.jar:/Users/antoniocastrocorona/.m2/repository/com/google/code/gson/gson/2.8.5/gson-2.8.5.jar:/Users/antoniocastrocorona/.m2/repository/org/seleniumhq/selenium/selenium-edge-driver/3.9.1/selenium-edge-driver-3.9.1.jar:/Users/antoniocastrocorona/.m2/repository/org/seleniumhq/selenium/selenium-firefox-driver/3.9.1/selenium-firefox-driver-3.9.1.jar:/Users/antoniocastrocorona/.m2/repository/org/seleniumhq/selenium/selenium-ie-driver/3.9.1/selenium-ie-driver-3.9.1.jar:/Users/antoniocastrocorona/.m2/repository/org/seleniumhq/selenium/selenium-opera-driver/3.9.1/selenium-opera-driver-3.9.1.jar:/Users/antoniocastrocorona/.m2/repository/org/seleniumhq/selenium/selenium-remote-driver/3.9.1/selenium-remote-driver-3.9.1.jar:/Users/antoniocastrocorona/.m2/repository/org/seleniumhq/selenium/selenium-safari-driver/3.9.1/selenium-safari-driver-3.9.1.jar:/Users/antoniocastrocorona/.m2/repository/org/seleniumhq/selenium/selenium-support/3.9.1/selenium-support-3.9.1.jar:/Users/antoniocastrocorona/.m2/repository/net/bytebuddy/byte-buddy/1.7.11/byte-buddy-1.7.11.jar:/Users/antoniocastrocorona/.m2/repository/org/apache/commons/commons-exec/1.3/commons-exec-1.3.jar:/Users/antoniocastrocorona/.m2/repository/commons-codec/commons-codec/1.11/commons-codec-1.11.jar:/Users/antoniocastrocorona/.m2/repository/commons-logging/commons-logging/1.2/commons-logging-1.2.jar:/Users/antoniocastrocorona/.m2/repository/com/google/guava/guava/25.0-jre/guava-25.0-jre.jar:/Users/antoniocastrocorona/.m2/repository/com/google/code/findbugs/jsr305/1.3.9/jsr305-1.3.9.jar:/Users/antoniocastrocorona/.m2/repository/org/checkerframework/checker-compat-qual/2.0.0/checker-compat-qual-2.0.0.jar:/Users/antoniocastrocorona/.m2/repository/com/google/errorprone/error_prone_annotations/2.1.3/error_prone_annotations-2.1.3.jar:/Users/antoniocastrocorona/.m2/repository/com/google/j2objc/j2objc-annotations/1.1/j2objc-annotations-1.1.jar:/Users/antoniocastrocorona/.m2/repository/org/codehaus/mojo/animal-sniffer-annotations/1.14/animal-sniffer-annotations-1.14.jar:/Users/antoniocastrocorona/.m2/repository/org/apache/httpcomponents/httpclient/4.5.6/httpclient-4.5.6.jar:/Users/antoniocastrocorona/.m2/repository/org/apache/httpcomponents/httpcore/4.4.10/httpcore-4.4.10.jar:/Users/antoniocastrocorona/.m2/repository/com/squareup/okhttp3/okhttp/3.10.0/okhttp-3.10.0.jar:/Users/antoniocastrocorona/.m2/repository/com/squareup/okio/okio/1.14.1/okio-1.14.1.jar:/Users/antoniocastrocorona/.m2/repository/junit/junit/4.12/junit-4.12.jar:, java.specification.name=Java Platform API Specification, java.class.version=52.0, sun.management.compiler=HotSpot 64-Bit Tiered Compilers, os.version=10.11.6, http.nonProxyHosts=local|*.local|169.254/16|*.169.254/16, user.home=/Users/antoniocastrocorona, user.timezone=Europe/Madrid, java.awt.printerjob=sun.lwawt.macosx.CPrinterJob, file.encoding=UTF-8, java.specification.version=1.8, java.class.path=/Users/antoniocastrocorona/Downloads/banco20193capasFF/target/test-classes:/Users/antoniocastrocorona/Downloads/banco20193capasFF/target/classes:/Users/antoniocastrocorona/.m2/repository/org/springframework/boot/spring-boot-starter-web/2.0.5.RELEASE/spring-boot-starter-web-2.0.5.RELEASE.jar:/Users/antoniocastrocorona/.m2/repository/org/springframework/boot/spring-boot-starter/2.0.5.RELEASE/spring-boot-starter-2.0.5.RELEASE.jar:/Users/antoniocastrocorona/.m2/repository/org/springframework/boot/spring-boot-starter-logging/2.0.5.RELEASE/spring-boot-starter-logging-2.0.5.RELEASE.jar:/Users/antoniocastrocorona/.m2/repository/ch/qos/logback/logback-classic/1.2.3/logback-classic-1.2.3.jar:/Users/antoniocastrocorona/.m2/repository/ch/qos/logback/logback-core/1.2.3/logback-core-1.2.3.jar:/Users/antoniocastrocorona/.m2/repository/org/apache/logging/log4j/log4j-to-slf4j/2.10.0/log4j-to-slf4j-2.10.0.jar:/Users/antoniocastrocorona/.m2/repository/org/apache/logging/log4j/log4j-api/2.10.0/log4j-api-2.10.0.jar:/Users/antoniocastrocorona/.m2/repository/org/slf4j/jul-to-slf4j/1.7.25/jul-to-slf4j-1.7.25.jar:/Users/antoniocastrocorona/.m2/repository/javax/annotation/javax.annotation-api/1.3.2/javax.annotation-api-1.3.2.jar:/Users/antoniocastrocorona/.m2/repository/org/yaml/snakeyaml/1.19/snakeyaml-1.19.jar:/Users/antoniocastrocorona/.m2/repository/org/springframework/boot/spring-boot-starter-json/2.0.5.RELEASE/spring-boot-starter-json-2.0.5.RELEASE.jar:/Users/antoniocastrocorona/.m2/repository/com/fasterxml/jackson/core/jackson-databind/2.9.6/jackson-databind-2.9.6.jar:/Users/antoniocastrocorona/.m2/repository/com/fasterxml/jackson/core/jackson-core/2.9.6/jackson-core-2.9.6.jar:/Users/antoniocastrocorona/.m2/repository/com/fasterxml/jackson/datatype/jackson-datatype-jdk8/2.9.6/jackson-datatype-jdk8-2.9.6.jar:/Users/antoniocastrocorona/.m2/repository/com/fasterxml/jackson/datatype/jackson-datatype-jsr310/2.9.6/jackson-datatype-jsr310-2.9.6.jar:/Users/antoniocastrocorona/.m2/repository/com/fasterxml/jackson/module/jackson-module-parameter-names/2.9.6/jackson-module-parameter-names-2.9.6.jar:/Users/antoniocastrocorona/.m2/repository/org/springframework/boot/spring-boot-starter-tomcat/2.0.5.RELEASE/spring-boot-starter-tomcat-2.0.5.RELEASE.jar:/Users/antoniocastrocorona/.m2/repository/org/apache/tomcat/embed/tomcat-embed-core/8.5.34/tomcat-embed-core-8.5.34.jar:/Users/antoniocastrocorona/.m2/repository/org/apache/tomcat/embed/tomcat-embed-el/8.5.34/tomcat-embed-el-8.5.34.jar:/Users/antoniocastrocorona/.m2/repository/org/apache/tomcat/embed/tomcat-embed-websocket/8.5.34/tomcat-embed-websocket-8.5.34.jar:/Users/antoniocastrocorona/.m2/repository/org/hibernate/validator/hibernate-validator/6.0.12.Final/hibernate-validator-6.0.12.Final.jar:/Users/antoniocastrocorona/.m2/repository/javax/validation/validation-api/2.0.1.Final/validation-api-2.0.1.Final.jar:/Users/antoniocastrocorona/.m2/repository/org/jboss/logging/jboss-logging/3.3.2.Final/jboss-logging-3.3.2.Final.jar:/Users/antoniocastrocorona/.m2/repository/com/fasterxml/classmate/1.3.4/classmate-1.3.4.jar:/Users/antoniocastrocorona/.m2/repository/org/springframework/spring-web/5.0.9.RELEASE/spring-web-5.0.9.RELEASE.jar:/Users/antoniocastrocorona/.m2/repository/org/springframework/spring-beans/5.0.9.RELEASE/spring-beans-5.0.9.RELEASE.jar:/Users/antoniocastrocorona/.m2/repository/org/springframework/spring-webmvc/5.0.9.RELEASE/spring-webmvc-5.0.9.RELEASE.jar:/Users/antoniocastrocorona/.m2/repository/org/springframework/spring-aop/5.0.9.RELEASE/spring-aop-5.0.9.RELEASE.jar:/Users/antoniocastrocorona/.m2/repository/org/springframework/spring-context/5.0.9.RELEASE/spring-context-5.0.9.RELEASE.jar:/Users/antoniocastrocorona/.m2/repository/org/springframework/spring-expression/5.0.9.RELEASE/spring-expression-5.0.9.RELEASE.jar:/Users/antoniocastrocorona/.m2/repository/org/springframework/boot/spring-boot-starter-test/2.0.5.RELEASE/spring-boot-starter-test-2.0.5.RELEASE.jar:/Users/antoniocastrocorona/.m2/repository/org/springframework/boot/spring-boot-test/2.0.5.RELEASE/spring-boot-test-2.0.5.RELEASE.jar:/Users/antoniocastrocorona/.m2/repository/org/springframework/boot/spring-boot-test-autoconfigure/2.0.5.RELEASE/spring-boot-test-autoconfigure-2.0.5.RELEASE.jar:/Users/antoniocastrocorona/.m2/repository/org/assertj/assertj-core/3.9.1/assertj-core-3.9.1.jar:/Users/antoniocastrocorona/.m2/repository/org/mockito/mockito-core/2.15.0/mockito-core-2.15.0.jar:/Users/antoniocastrocorona/.m2/repository/net/bytebuddy/byte-buddy-agent/1.7.11/byte-buddy-agent-1.7.11.jar:/Users/antoniocastrocorona/.m2/repository/org/objenesis/objenesis/2.6/objenesis-2.6.jar:/Users/antoniocastrocorona/.m2/repository/org/hamcrest/hamcrest-core/1.3/hamcrest-core-1.3.jar:/Users/antoniocastrocorona/.m2/repository/org/hamcrest/hamcrest-library/1.3/hamcrest-library-1.3.jar:/Users/antoniocastrocorona/.m2/repository/org/skyscreamer/jsonassert/1.5.0/jsonassert-1.5.0.jar:/Users/antoniocastrocorona/.m2/repository/com/vaadin/external/google/android-json/0.0.20131108.vaadin1/android-json-0.0.20131108.vaadin1.jar:/Users/antoniocastrocorona/.m2/repository/org/springframework/spring-core/5.0.9.RELEASE/spring-core-5.0.9.RELEASE.jar:/Users/antoniocastrocorona/.m2/repository/org/springframework/spring-jcl/5.0.9.RELEASE/spring-jcl-5.0.9.RELEASE.jar:/Users/antoniocastrocorona/.m2/repository/org/springframework/spring-test/5.0.9.RELEASE/spring-test-5.0.9.RELEASE.jar:/Users/antoniocastrocorona/.m2/repository/org/xmlunit/xmlunit-core/2.5.1/xmlunit-core-2.5.1.jar:/Users/antoniocastrocorona/.m2/repository/org/springframework/boot/spring-boot-starter-websocket/2.0.5.RELEASE/spring-boot-starter-websocket-2.0.5.RELEASE.jar:/Users/antoniocastrocorona/.m2/repository/org/springframework/spring-messaging/5.0.9.RELEASE/spring-messaging-5.0.9.RELEASE.jar:/Users/antoniocastrocorona/.m2/repository/org/springframework/spring-websocket/5.0.9.RELEASE/spring-websocket-5.0.9.RELEASE.jar:/Users/antoniocastrocorona/.m2/repository/org/springframework/boot/spring-boot-starter-data-jpa/2.0.5.RELEASE/spring-boot-starter-data-jpa-2.0.5.RELEASE.jar:/Users/antoniocastrocorona/.m2/repository/org/springframework/boot/spring-boot-starter-aop/2.0.5.RELEASE/spring-boot-starter-aop-2.0.5.RELEASE.jar:/Users/antoniocastrocorona/.m2/repository/org/aspectj/aspectjweaver/1.8.13/aspectjweaver-1.8.13.jar:/Users/antoniocastrocorona/.m2/repository/org/springframework/boot/spring-boot-starter-jdbc/2.0.5.RELEASE/spring-boot-starter-jdbc-2.0.5.RELEASE.jar:/Users/antoniocastrocorona/.m2/repository/com/zaxxer/HikariCP/2.7.9/HikariCP-2.7.9.jar:/Users/antoniocastrocorona/.m2/repository/org/springframework/spring-jdbc/5.0.9.RELEASE/spring-jdbc-5.0.9.RELEASE.jar:/Users/antoniocastrocorona/.m2/repository/javax/transaction/javax.transaction-api/1.2/javax.transaction-api-1.2.jar:/Users/antoniocastrocorona/.m2/repository/org/hibernate/hibernate-core/5.2.17.Final/hibernate-core-5.2.17.Final.jar:/Users/antoniocastrocorona/.m2/repository/org/hibernate/javax/persistence/hibernate-jpa-2.1-api/1.0.2.Final/hibernate-jpa-2.1-api-1.0.2.Final.jar:/Users/antoniocastrocorona/.m2/repository/org/javassist/javassist/3.22.0-GA/javassist-3.22.0-GA.jar:/Users/antoniocastrocorona/.m2/repository/antlr/antlr/2.7.7/antlr-2.7.7.jar:/Users/antoniocastrocorona/.m2/repository/org/jboss/jandex/2.0.3.Final/jandex-2.0.3.Final.jar:/Users/antoniocastrocorona/.m2/repository/dom4j/dom4j/1.6.1/dom4j-1.6.1.jar:/Users/antoniocastrocorona/.m2/repository/org/hibernate/common/hibernate-commons-annotations/5.0.1.Final/hibernate-commons-annotations-5.0.1.Final.jar:/Users/antoniocastrocorona/.m2/repository/org/springframework/data/spring-data-jpa/2.0.10.RELEASE/spring-data-jpa-2.0.10.RELEASE.jar:/Users/antoniocastrocorona/.m2/repository/org/springframework/data/spring-data-commons/2.0.10.RELEASE/spring-data-commons-2.0.10.RELEASE.jar:/Users/antoniocastrocorona/.m2/repository/org/springframework/spring-orm/5.0.9.RELEASE/spring-orm-5.0.9.RELEASE.jar:/Users/antoniocastrocorona/.m2/repository/org/springframework/spring-tx/5.0.9.RELEASE/spring-tx-5.0.9.RELEASE.jar:/Users/antoniocastrocorona/.m2/repository/org/springframework/spring-aspects/5.0.9.RELEASE/spring-aspects-5.0.9.RELEASE.jar:/Users/antoniocastrocorona/.m2/repository/org/springframework/boot/spring-boot-devtools/2.0.5.RELEASE/spring-boot-devtools-2.0.5.RELEASE.jar:/Users/antoniocastrocorona/.m2/repository/org/springframework/boot/spring-boot/2.0.5.RELEASE/spring-boot-2.0.5.RELEASE.jar:/Users/antoniocastrocorona/.m2/repository/org/springframework/boot/spring-boot-autoconfigure/2.0.5.RELEASE/spring-boot-autoconfigure-2.0.5.RELEASE.jar:/Users/antoniocastrocorona/.m2/repository/org/springframework/boot/spring-boot-starter-data-rest/2.0.5.RELEASE/spring-boot-starter-data-rest-2.0.5.RELEASE.jar:/Users/antoniocastrocorona/.m2/repository/org/springframework/data/spring-data-rest-webmvc/3.0.10.RELEASE/spring-data-rest-webmvc-3.0.10.RELEASE.jar:/Users/antoniocastrocorona/.m2/repository/org/springframework/data/spring-data-rest-core/3.0.10.RELEASE/spring-data-rest-core-3.0.10.RELEASE.jar:/Users/antoniocastrocorona/.m2/repository/org/springframework/hateoas/spring-hateoas/0.25.0.RELEASE/spring-hateoas-0.25.0.RELEASE.jar:/Users/antoniocastrocorona/.m2/repository/org/springframework/plugin/spring-plugin-core/1.2.0.RELEASE/spring-plugin-core-1.2.0.RELEASE.jar:/Users/antoniocastrocorona/.m2/repository/org/atteo/evo-inflector/1.2.2/evo-inflector-1.2.2.jar:/Users/antoniocastrocorona/.m2/repository/com/fasterxml/jackson/core/jackson-annotations/2.9.0/jackson-annotations-2.9.0.jar:/Users/antoniocastrocorona/.m2/repository/org/json/json/20160810/json-20160810.jar:/Users/antoniocastrocorona/.m2/repository/com/jayway/jsonpath/json-path/2.4.0/json-path-2.4.0.jar:/Users/antoniocastrocorona/.m2/repository/net/minidev/json-smart/2.3/json-smart-2.3.jar:/Users/antoniocastrocorona/.m2/repository/net/minidev/accessors-smart/1.2/accessors-smart-1.2.jar:/Users/antoniocastrocorona/.m2/repository/org/ow2/asm/asm/5.0.4/asm-5.0.4.jar:/Users/antoniocastrocorona/.m2/repository/org/slf4j/slf4j-api/1.7.25/slf4j-api-1.7.25.jar:/Users/antoniocastrocorona/.m2/repository/com/h2database/h2/1.4.199/h2-1.4.199.jar:/Users/antoniocastrocorona/.m2/repository/org/seleniumhq/selenium/selenium-java/3.14.0/selenium-java-3.14.0.jar:/Users/antoniocastrocorona/.m2/repository/org/seleniumhq/selenium/selenium-api/3.9.1/selenium-api-3.9.1.jar:/Users/antoniocastrocorona/.m2/repository/org/seleniumhq/selenium/selenium-chrome-driver/3.9.1/selenium-chrome-driver-3.9.1.jar:/Users/antoniocastrocorona/.m2/repository/com/google/code/gson/gson/2.8.5/gson-2.8.5.jar:/Users/antoniocastrocorona/.m2/repository/org/seleniumhq/selenium/selenium-edge-driver/3.9.1/selenium-edge-driver-3.9.1.jar:/Users/antoniocastrocorona/.m2/repository/org/seleniumhq/selenium/selenium-firefox-driver/3.9.1/selenium-firefox-driver-3.9.1.jar:/Users/antoniocastrocorona/.m2/repository/org/seleniumhq/selenium/selenium-ie-driver/3.9.1/selenium-ie-driver-3.9.1.jar:/Users/antoniocastrocorona/.m2/repository/org/seleniumhq/selenium/selenium-opera-driver/3.9.1/selenium-opera-driver-3.9.1.jar:/Users/antoniocastrocorona/.m2/repository/org/seleniumhq/selenium/selenium-remote-driver/3.9.1/selenium-remote-driver-3.9.1.jar:/Users/antoniocastrocorona/.m2/repository/org/seleniumhq/selenium/selenium-safari-driver/3.9.1/selenium-safari-driver-3.9.1.jar:/Users/antoniocastrocorona/.m2/repository/org/seleniumhq/selenium/selenium-support/3.9.1/selenium-support-3.9.1.jar:/Users/antoniocastrocorona/.m2/repository/net/bytebuddy/byte-buddy/1.7.11/byte-buddy-1.7.11.jar:/Users/antoniocastrocorona/.m2/repository/org/apache/commons/commons-exec/1.3/commons-exec-1.3.jar:/Users/antoniocastrocorona/.m2/repository/commons-codec/commons-codec/1.11/commons-codec-1.11.jar:/Users/antoniocastrocorona/.m2/repository/commons-logging/commons-logging/1.2/commons-logging-1.2.jar:/Users/antoniocastrocorona/.m2/repository/com/google/guava/guava/25.0-jre/guava-25.0-jre.jar:/Users/antoniocastrocorona/.m2/repository/com/google/code/findbugs/jsr305/1.3.9/jsr305-1.3.9.jar:/Users/antoniocastrocorona/.m2/repository/org/checkerframework/checker-compat-qual/2.0.0/checker-compat-qual-2.0.0.jar:/Users/antoniocastrocorona/.m2/repository/com/google/errorprone/error_prone_annotations/2.1.3/error_prone_annotations-2.1.3.jar:/Users/antoniocastrocorona/.m2/repository/com/google/j2objc/j2objc-annotations/1.1/j2objc-annotations-1.1.jar:/Users/antoniocastrocorona/.m2/repository/org/codehaus/mojo/animal-sniffer-annotations/1.14/animal-sniffer-annotations-1.14.jar:/Users/antoniocastrocorona/.m2/repository/org/apache/httpcomponents/httpclient/4.5.6/httpclient-4.5.6.jar:/Users/antoniocastrocorona/.m2/repository/org/apache/httpcomponents/httpcore/4.4.10/httpcore-4.4.10.jar:/Users/antoniocastrocorona/.m2/repository/com/squareup/okhttp3/okhttp/3.10.0/okhttp-3.10.0.jar:/Users/antoniocastrocorona/.m2/repository/com/squareup/okio/okio/1.14.1/okio-1.14.1.jar:/Users/antoniocastrocorona/.m2/repository/junit/junit/4.12/junit-4.12.jar:, user.name=antoniocastrocorona, java.vm.specification.version=1.8, sun.java.command=/Users/antoniocastrocorona/Downloads/banco20193capasFF/target/surefire/surefirebooter6335559416999510094.jar /Users/antoniocastrocorona/Downloads/banco20193capasFF/target/surefire 2019-12-21T20-27-49_156-jvmRun1 surefire9160572023556481466tmp surefire_01979817013618392492tmp, java.home=/Library/Java/JavaVirtualMachines/jdk1.8.0_191.jdk/Contents/Home/jre, sun.arch.data.model=64, user.language=es, java.specification.vendor=Oracle Corporation, awt.toolkit=sun.lwawt.macosx.LWCToolkit, java.vm.info=mixed mode, java.version=1.8.0_191, java.ext.dirs=/Users/antoniocastrocorona/Library/Java/Extensions:/Library/Java/JavaVirtualMachines/jdk1.8.0_191.jdk/Contents/Home/jre/lib/ext:/Library/Java/Extensions:/Network/Library/Java
[...]
	at org.springframework.beans.factory.support.AbstractBeanFactory.doGetBean(AbstractBeanFactory.java:315) ~[spring-beans-5.0.9.RELEASE.jar:5.0.9.RELEASE]
	at org.springframework.beans.factory.support.AbstractBeanFactory.getBean(AbstractBeanFactory.java:199) ~[spring-beans-5.0.9.RELEASE.jar:5.0.9.RELEASE]
	at org.springframework.beans.factory.config.DependencyDescriptor.resolveCandidate(DependencyDescriptor.java:251) ~[spring-beans-5.0.9.RELEASE.jar:5.0.9.RELEASE]
	at org.springframework.beans.factory.support.DefaultListableBeanFactory.doResolveDependency(DefaultListableBeanFactory.java:1135) ~[spring-beans-5.0.9.RELEASE.jar:5.0.9.RELEASE]
	at org.springframework.beans.factory.support.DefaultListableBeanFactory.resolveDependency(DefaultListableBeanFactory.java:1062) ~[spring-beans-5.0.9.RELEASE.jar:5.0.9.RELEASE]
	at org.springframework.beans.factory.support.ConstructorResolver.resolveAutowiredArgument(ConstructorResolver.java:818) ~[spring-beans-5.0.9.RELEASE.jar:5.0.9.RELEASE]
	at org.springframework.beans.factory.support.ConstructorResolver.createArgumentArray(ConstructorResolver.java:724) ~[spring-beans-5.0.9.RELEASE.jar:5.0.9.RELEASE]
	... 45 common frames omitted
Caused by: org.springframework.beans.BeanInstantiationException: Failed to instantiate [org.springframework.data.rest.core.config.RepositoryRestConfiguration]: Factory method 'repositoryRestConfiguration' threw exception; nested exception is org.springframework.beans.factory.BeanCreationException: Error creating bean with name 'repositories' defined in class path resource [org/springframework/data/rest/webmvc/config/RepositoryRestMvcConfiguration.class]: Bean instantiation via factory method failed; nested exception is org.springframework.beans.BeanInstantiationException: Failed to instantiate [org.springframework.data.repository.support.Repositories]: Factory method 'repositories' threw exception; nested exception is org.springframework.beans.factory.BeanCreationException: Error creating bean with name 'movimientoCuentaDAO': Invocation of init method failed; nested exception is java.lang.IllegalArgumentException: Failed to create query for method public abstract java.util.List edu.uclm.esi.iso2.banco20193capas.dao.MovimientoCuentaDAO.findByCuentaId(java.lang.Long)! Unable to locate Attribute  with the the given name [id] on this ManagedType [edu.uclm.esi.iso2.banco20193capas.model.Cuenta]
	at org.springframework.beans.factory.support.SimpleInstantiationStrategy.instantiate(SimpleInstantiationStrategy.java:185) ~[spring-beans-5.0.9.RELEASE.jar:5.0.9.RELEASE]
	at org.springframework.beans.factory.support.ConstructorResolver.instantiateUsingFactoryMethod(ConstructorResolver.java:582) ~[spring-beans-5.0.9.RELEASE.jar:5.0.9.RELEASE]
	... 58 common frames omitted
Caused by: org.springframework.beans.factory.BeanCreationException: Error creating bean with name 'repositories' defined in class path resource [org/springframework/data/rest/webmvc/config/RepositoryRestMvcConfiguration.class]: Bean instantiation via factory method failed; nested exception is org.springframework.beans.BeanInstantiationException: Failed to instantiate [org.springframework.data.repository.support.Repositories]: Factory method 'repositories' threw exception; nested exception is org.springframework.beans.factory.BeanCreationException: Error creating bean with name 'movimientoCuentaDAO': Invocation of init method failed; nested exception is java.lang.IllegalArgumentException: Failed to create query for method public abstract java.util.List edu.uclm.esi.iso2.banco20193capas.dao.MovimientoCuentaDAO.findByCuentaId(java.lang.Long)! Unable to locate Attribute  with the the given name [id] on this ManagedType [edu.uclm.esi.iso2.banco20193capas.model.Cuenta]
	at org.springframework.beans.factory.support.ConstructorResolver.instantiateUsingFactoryMethod(ConstructorResolver.java:590) ~[spring-beans-5.0.9.RELEASE.jar:5.0.9.RELEASE]
	at org.springframework.beans.factory.support.AbstractAutowireCapableBeanFactory.instantiateUsingFactoryMethod(AbstractAutowireCapableBeanFactory.java:1247) ~[spring-beans-5.0.9.RELEASE.jar:5.0.9.RELEASE]
	at org.springframework.beans.factory.support.AbstractAutowireCapableBeanFactory.createBeanInstance(AbstractAutowireCapableBeanFactory.java:1096) ~[spring-beans-5.0.9.RELEASE.jar:5.0.9.RELEASE]
	at org.springframework.beans.factory.support.AbstractAutowireCapableBeanFactory.doCreateBean(AbstractAutowireCapableBeanFactory.java:535) ~[spring-beans-5.0.9.RELEASE.jar:5.0.9.RELEASE]
	at org.springframework.beans.factory.support.AbstractAutowireCapableBeanFactory.createBean(AbstractAutowireCapableBeanFactory.java:495) ~[spring-beans-5.0.9.RELEASE.jar:5.0.9.RELEASE]
	at org.springframework.beans.factory.support.AbstractBeanFactory.lambda$doGetBean$0(AbstractBeanFactory.java:317) ~[spring-beans-5.0.9.RELEASE.jar:5.0.9.RELEASE]
	at org.springframework.beans.factory.support.DefaultSingletonBeanRegistry.getSingleton(DefaultSingletonBeanRegistry.java:222) ~[spring-beans-5.0.9.RELEASE.jar:5.0.9.RELEASE]
	at org.springframework.beans.factory.support.AbstractBeanFactory.doGetBean(AbstractBeanFactory.java:315) ~[spring-beans-5.0.9.RELEASE.jar:5.0.9.RELEASE]
	at org.springframework.beans.factory.support.AbstractBeanFactory.getBean(AbstractBeanFactory.java:199) ~[spring-beans-5.0.9.RELEASE.jar:5.0.9.RELEASE]
	at org.springframework.context.annotation.ConfigurationClassEnhancer$BeanMethodInterceptor.resolveBeanReference(ConfigurationClassEnhancer.java:396) ~[spring-context-5.0.9.RELEASE.jar:5.0.9.RELEASE]
	at org.springframework.context.annotation.ConfigurationClassEnhancer$BeanMethodInterceptor.intercept(ConfigurationClassEnhancer.java:368) ~[spring-context-5.0.9.RELEASE.jar:5.0.9.RELEASE]
	at org.springframework.data.rest.webmvc.config.RepositoryRestMvcConfiguration$$EnhancerBySpringCGLIB$$dd5d324.repositories(<generated>) ~[spring-data-rest-webmvc-3.0.10.RELEASE.jar:3.0.10.RELEASE]
	at org.springframework.data.rest.webmvc.config.RepositoryRestMvcConfiguration.repositoryRestConfiguration(RepositoryRestMvcConfiguration.java:311) ~[spring-data-rest-webmvc-3.0.10.RELEASE.jar:3.0.10.RELEASE]
	at org.springframework.data.rest.webmvc.config.RepositoryRestMvcConfiguration$$EnhancerBySpringCGLIB$$dd5d324.CGLIB$repositoryRestConfiguration$11(<generated>) ~[spring-data-rest-webmvc-3.0.10.RELEASE.jar:3.0.10.RELEASE]
	at org.springframework.data.rest.webmvc.config.RepositoryRestMvcConfiguration$$EnhancerBySpringCGLIB$$dd5d324$$FastClassBySpringCGLIB$$e9d9f788.invoke(<generated>) ~[spring-data-rest-webmvc-3.0.10.RELEASE.jar:3.0.10.RELEASE]
	at org.springframework.cglib.proxy.MethodProxy.invokeSuper(MethodProxy.java:228) ~[spring-core-5.0.9.RELEASE.jar:5.0.9.RELEASE]
	at org.springframework.context.annotation.ConfigurationClassEnhancer$BeanMethodInterceptor.intercept(ConfigurationClassEnhancer.java:365) ~[spring-context-5.0.9.RELEASE.jar:5.0.9.RELEASE]
	at org.springframework.data.rest.webmvc.config.RepositoryRestMvcConfiguration$$EnhancerBySpringCGLIB$$dd5d324.repositoryRestConfiguration(<generated>) ~[spring-data-rest-webmvc-3.0.10.RELEASE.jar:3.0.10.RELEASE]
	at sun.reflect.NativeMethodAccessorImpl.invoke0(Native Method) ~[na:1.8.0_191]
	at sun.reflect.NativeMethodAccessorImpl.invoke(NativeMethodAccessorImpl.java:62) ~[na:1.8.0_191]
	at sun.reflect.DelegatingMethodAccessorImpl.invoke(DelegatingMethodAccessorImpl.java:43) ~[na:1.8.0_191]
	at java.lang.reflect.Method.invoke(Method.java:498) ~[na:1.8.0_191]
	at org.springframework.beans.factory.support.SimpleInstantiationStrategy.instantiate(SimpleInstantiationStrategy.java:154) ~[spring-beans-5.0.9.RELEASE.jar:5.0.9.RELEASE]
	... 59 common frames omitted
Caused by: org.springframework.beans.BeanInstantiationException: Failed to instantiate [org.springframework.data.repository.support.Repositories]: Factory method 'repositories' threw exception; nested exception is org.springframework.beans.factory.BeanCreationException: Error creating bean with name 'movimientoCuentaDAO': Invocation of init method failed; nested exception is java.lang.IllegalArgumentException: Failed to create query for method public abstract java.util.List edu.uclm.esi.iso2.banco20193capas.dao.MovimientoCuentaDAO.findByCuentaId(java.lang.Long)! Unable to locate Attribute  with the the given name [id] on this ManagedType [edu.uclm.esi.iso2.banco20193capas.model.Cuenta]
	at org.springframework.beans.factory.support.SimpleInstantiationStrategy.instantiate(SimpleInstantiationStrategy.java:185) ~[spring-beans-5.0.9.RELEASE.jar:5.0.9.RELEASE]
	at org.springframework.beans.factory.support.ConstructorResolver.instantiateUsingFactoryMethod(ConstructorResolver.java:582) ~[spring-beans-5.0.9.RELEASE.jar:5.0.9.RELEASE]
	... 81 common frames omitted
Caused by: org.springframework.beans.factory.BeanCreationException: Error creating bean with name 'movimientoCuentaDAO': Invocation of init method failed; nested exception is java.lang.IllegalArgumentException: Failed to create query for method public abstract java.util.List edu.uclm.esi.iso2.banco20193capas.dao.MovimientoCuentaDAO.findByCuentaId(java.lang.Long)! Unable to locate Attribute  with the the given name [id] on this ManagedType [edu.uclm.esi.iso2.banco20193capas.model.Cuenta]
	at org.springframework.beans.factory.support.AbstractAutowireCapableBeanFactory.initializeBean(AbstractAutowireCapableBeanFactory.java:1699) ~[spring-beans-5.0.9.RELEASE.jar:5.0.9.RELEASE]
	at org.springframework.beans.factory.support.AbstractAutowireCapableBeanFactory.doCreateBean(AbstractAutowireCapableBeanFactory.java:573) ~[spring-beans-5.0.9.RELEASE.jar:5.0.9.RELEASE]
	at org.springframework.beans.factory.support.AbstractAutowireCapableBeanFactory.createBean(AbstractAutowireCapableBeanFactory.java:495) ~[spring-beans-5.0.9.RELEASE.jar:5.0.9.RELEASE]
	at org.springframework.beans.factory.support.AbstractBeanFactory.lambda$doGetBean$0(AbstractBeanFactory.java:317) ~[spring-beans-5.0.9.RELEASE.jar:5.0.9.RELEASE]
	at org.springframework.beans.factory.support.DefaultSingletonBeanRegistry.getSingleton(DefaultSingletonBeanRegistry.java:222) ~[spring-beans-5.0.9.RELEASE.jar:5.0.9.RELEASE]
	at org.springframework.beans.factory.support.AbstractBeanFactory.doGetBean(AbstractBeanFactory.java:315) ~[spring-beans-5.0.9.RELEASE.jar:5.0.9.RELEASE]
	at org.springframework.beans.factory.support.AbstractBeanFactory.getBean(AbstractBeanFactory.java:204) ~[spring-beans-5.0.9.RELEASE.jar:5.0.9.RELEASE]
	at org.springframework.context.support.AbstractApplicationContext.getBean(AbstractApplicationContext.java:1095) ~[spring-context-5.0.9.RELEASE.jar:5.0.9.RELEASE]
	at org.springframework.data.repository.support.Repositories.cacheRepositoryFactory(Repositories.java:97) ~[spring-data-commons-2.0.10.RELEASE.jar:2.0.10.RELEASE]
	at org.springframework.data.repository.support.Repositories.populateRepositoryFactoryInformation(Repositories.java:90) ~[spring-data-commons-2.0.10.RELEASE.jar:2.0.10.RELEASE]
	at org.springframework.data.repository.support.Repositories.<init>(Repositories.java:83) ~[spring-data-commons-2.0.10.RELEASE.jar:2.0.10.RELEASE]
	at org.springframework.data.rest.webmvc.config.RepositoryRestMvcConfiguration.repositories(RepositoryRestMvcConfiguration.java:243) ~[spring-data-rest-webmvc-3.0.10.RELEASE.jar:3.0.10.RELEASE]
	at org.springframework.data.rest.webmvc.config.RepositoryRestMvcConfiguration$$EnhancerBySpringCGLIB$$dd5d324.CGLIB$repositories$4(<generated>) ~[spring-data-rest-webmvc-3.0.10.RELEASE.jar:3.0.10.RELEASE]
	at org.springframework.data.rest.webmvc.config.RepositoryRestMvcConfiguration$$EnhancerBySpringCGLIB$$dd5d324$$FastClassBySpringCGLIB$$e9d9f788.invoke(<generated>) ~[spring-data-rest-webmvc-3.0.10.RELEASE.jar:3.0.10.RELEASE]
	at org.springframework.cglib.proxy.MethodProxy.invokeSuper(MethodProxy.java:228) ~[spring-core-5.0.9.RELEASE.jar:5.0.9.RELEASE]
	at org.springframework.context.annotation.ConfigurationClassEnhancer$BeanMethodInterceptor.intercept(ConfigurationClassEnhancer.java:365) ~[spring-context-5.0.9.RELEASE.jar:5.0.9.RELEASE]
	at org.springframework.data.rest.webmvc.config.RepositoryRestMvcConfiguration$$EnhancerBySpringCGLIB$$dd5d324.repositories(<generated>) ~[spring-data-rest-webmvc-3.0.10.RELEASE.jar:3.0.10.RELEASE]
	at sun.reflect.NativeMethodAccessorImpl.invoke0(Native Method) ~[na:1.8.0_191]
	at sun.reflect.NativeMethodAccessorImpl.invoke(NativeMethodAccessorImpl.java:62) ~[na:1.8.0_191]
	at sun.reflect.DelegatingMethodAccessorImpl.invoke(DelegatingMethodAccessorImpl.java:43) ~[na:1.8.0_191]
	at java.lang.reflect.Method.invoke(Method.java:498) ~[na:1.8.0_191]
	at org.springframework.beans.factory.support.SimpleInstantiationStrategy.instantiate(SimpleInstantiationStrategy.java:154) ~[spring-beans-5.0.9.RELEASE.jar:5.0.9.RELEASE]
	... 82 common frames omitted
Caused by: java.lang.IllegalArgumentException: Failed to create query for method public abstract java.util.List edu.uclm.esi.iso2.banco20193capas.dao.MovimientoCuentaDAO.findByCuentaId(java.lang.Long)! Unable to locate Attribute  with the the given name [id] on this ManagedType [edu.uclm.esi.iso2.banco20193capas.model.Cuenta]
	at org.springframework.data.jpa.repository.query.PartTreeJpaQuery.<init>(PartTreeJpaQuery.java:82) ~[spring-data-jpa-2.0.10.RELEASE.jar:2.0.10.RELEASE]
	at org.springframework.data.jpa.repository.query.JpaQueryLookupStrategy$CreateQueryLookupStrategy.resolveQuery(JpaQueryLookupStrategy.java:103) ~[spring-data-jpa-2.0.10.RELEASE.jar:2.0.10.RELEASE]
	at org.springframework.data.jpa.repository.query.JpaQueryLookupStrategy$CreateIfNotFoundQueryLookupStrategy.resolveQuery(JpaQueryLookupStrategy.java:208) ~[spring-data-jpa-2.0.10.RELEASE.jar:2.0.10.RELEASE]
	at org.springframework.data.jpa.repository.query.JpaQueryLookupStrategy$AbstractQueryLookupStrategy.resolveQuery(JpaQueryLookupStrategy.java:79) ~[spring-data-jpa-2.0.10.RELEASE.jar:2.0.10.RELEASE]
	at org.springframework.data.repository.core.support.RepositoryFactorySupport$QueryExecutorMethodInterceptor.lookupQuery(RepositoryFactorySupport.java:565) ~[spring-data-commons-2.0.10.RELEASE.jar:2.0.10.RELEASE]
	at org.springframework.data.repository.core.support.RepositoryFactorySupport$QueryExecutorMethodInterceptor.lambda$mapMethodsToQuery$1(RepositoryFactorySupport.java:558) ~[spring-data-commons-2.0.10.RELEASE.jar:2.0.10.RELEASE]
	at java.util.stream.ReferencePipeline$3$1.accept(ReferencePipeline.java:193) ~[na:1.8.0_191]
	at java.util.Iterator.forEachRemaining(Iterator.java:116) ~[na:1.8.0_191]
	at java.util.Collections$UnmodifiableCollection$1.forEachRemaining(Collections.java:1049) ~[na:1.8.0_191]
	at java.util.Spliterators$IteratorSpliterator.forEachRemaining(Spliterators.java:1801) ~[na:1.8.0_191]
	at java.util.stream.AbstractPipeline.copyInto(AbstractPipeline.java:481) ~[na:1.8.0_191]
	at java.util.stream.AbstractPipeline.wrapAndCopyInto(AbstractPipeline.java:471) ~[na:1.8.0_191]
	at java.util.stream.ReduceOps$ReduceOp.evaluateSequential(ReduceOps.java:708) ~[na:1.8.0_191]
	at java.util.stream.AbstractPipeline.evaluate(AbstractPipeline.java:234) ~[na:1.8.0_191]
	at java.util.stream.ReferencePipeline.collect(ReferencePipeline.java:499) ~[na:1.8.0_191]
	at org.springframework.data.repository.core.support.RepositoryFactorySupport$QueryExecutorMethodInterceptor.mapMethodsToQuery(RepositoryFactorySupport.java:560) ~[spring-data-commons-2.0.10.RELEASE.jar:2.0.10.RELEASE]
	at org.springframework.data.repository.core.support.RepositoryFactorySupport$QueryExecutorMethodInterceptor.lambda$new$0(RepositoryFactorySupport.java:550) ~[spring-data-commons-2.0.10.RELEASE.jar:2.0.10.RELEASE]
	at java.util.Optional.map(Optional.java:215) ~[na:1.8.0_191]
	at org.springframework.data.repository.core.support.RepositoryFactorySupport$QueryExecutorMethodInterceptor.<init>(RepositoryFactorySupport.java:550) ~[spring-data-commons-2.0.10.RELEASE.jar:2.0.10.RELEASE]
	at org.springframework.data.repository.core.support.RepositoryFactorySupport.getRepository(RepositoryFactorySupport.java:323) ~[spring-data-commons-2.0.10.RELEASE.jar:2.0.10.RELEASE]
	at org.springframework.data.repository.core.support.RepositoryFactoryBeanSupport.lambda$afterPropertiesSet$4(RepositoryFactoryBeanSupport.java:290) ~[spring-data-commons-2.0.10.RELEASE.jar:2.0.10.RELEASE]
	at org.springframework.data.util.Lazy.getNullable(Lazy.java:141) ~[spring-data-commons-2.0.10.RELEASE.jar:2.0.10.RELEASE]
	at org.springframework.data.util.Lazy.get(Lazy.java:63) ~[spring-data-commons-2.0.10.RELEASE.jar:2.0.10.RELEASE]
	at org.springframework.data.repository.core.support.RepositoryFactoryBeanSupport.afterPropertiesSet(RepositoryFactoryBeanSupport.java:293) ~[spring-data-commons-2.0.10.RELEASE.jar:2.0.10.RELEASE]
	at org.springframework.data.jpa.repository.support.JpaRepositoryFactoryBean.afterPropertiesSet(JpaRepositoryFactoryBean.java:102) ~[spring-data-jpa-2.0.10.RELEASE.jar:2.0.10.RELEASE]
	at org.springframework.beans.factory.support.AbstractAutowireCapableBeanFactory.invokeInitMethods(AbstractAutowireCapableBeanFactory.java:1758) ~[spring-beans-5.0.9.RELEASE.jar:5.0.9.RELEASE]
	at org.springframework.beans.factory.support.AbstractAutowireCapableBeanFactory.initializeBean(AbstractAutowireCapableBeanFactory.java:1695) ~[spring-beans-5.0.9.RELEASE.jar:5.0.9.RELEASE]
	... 103 common frames omitted
Caused by: java.lang.IllegalArgumentException: Unable to locate Attribute  with the the given name [id] on this ManagedType [edu.uclm.esi.iso2.banco20193capas.model.Cuenta]
	at org.hibernate.metamodel.internal.AbstractManagedType.checkNotNull(AbstractManagedType.java:128) ~[hibernate-core-5.2.17.Final.jar:5.2.17.Final]
	at org.hibernate.metamodel.internal.AbstractManagedType.getAttribute(AbstractManagedType.java:113) ~[hibernate-core-5.2.17.Final.jar:5.2.17.Final]
	at org.springframework.data.jpa.repository.query.QueryUtils.toExpressionRecursively(QueryUtils.java:587) ~[spring-data-jpa-2.0.10.RELEASE.jar:2.0.10.RELEASE]
	at org.springframework.data.jpa.repository.query.QueryUtils.toExpressionRecursively(QueryUtils.java:595) ~[spring-data-jpa-2.0.10.RELEASE.jar:2.0.10.RELEASE]
	at org.springframework.data.jpa.repository.query.JpaQueryCreator$PredicateBuilder.getTypedPath(JpaQueryCreator.java:378) ~[spring-data-jpa-2.0.10.RELEASE.jar:2.0.10.RELEASE]
	at org.springframework.data.jpa.repository.query.JpaQueryCreator$PredicateBuilder.build(JpaQueryCreator.java:301) ~[spring-data-jpa-2.0.10.RELEASE.jar:2.0.10.RELEASE]
	at org.springframework.data.jpa.repository.query.JpaQueryCreator.toPredicate(JpaQueryCreator.java:206) ~[spring-data-jpa-2.0.10.RELEASE.jar:2.0.10.RELEASE]
	at org.springframework.data.jpa.repository.query.JpaQueryCreator.create(JpaQueryCreator.java:119) ~[spring-data-jpa-2.0.10.RELEASE.jar:2.0.10.RELEASE]
	at org.springframework.data.jpa.repository.query.JpaQueryCreator.create(JpaQueryCreator.java:56) ~[spring-data-jpa-2.0.10.RELEASE.jar:2.0.10.RELEASE]
	at org.springframework.data.repository.query.parser.AbstractQueryCreator.createCriteria(AbstractQueryCreator.java:119) ~[spring-data-commons-2.0.10.RELEASE.jar:2.0.10.RELEASE]
	at org.springframework.data.repository.query.parser.AbstractQueryCreator.createQuery(AbstractQueryCreator.java:95) ~[spring-data-commons-2.0.10.RELEASE.jar:2.0.10.RELEASE]
	at org.springframework.data.repository.query.parser.AbstractQueryCreator.createQuery(AbstractQueryCreator.java:81) ~[spring-data-commons-2.0.10.RELEASE.jar:2.0.10.RELEASE]
	at org.springframework.data.jpa.repository.query.PartTreeJpaQuery$QueryPreparer.<init>(PartTreeJpaQuery.java:145) ~[spring-data-jpa-2.0.10.RELEASE.jar:2.0.10.RELEASE]
	at org.springframework.data.jpa.repository.query.PartTreeJpaQuery$CountQueryPreparer.<init>(PartTreeJpaQuery.java:268) ~[spring-data-jpa-2.0.10.RELEASE.jar:2.0.10.RELEASE]
	at org.springframework.data.jpa.repository.query.PartTreeJpaQuery.<init>(PartTreeJpaQuery.java:77) ~[spring-data-jpa-2.0.10.RELEASE.jar:2.0.10.RELEASE]
	... 129 common frames omitted

]]></system-out>
  </testcase>
</testsuite>